#
# A fatal error has been detected by the Java Runtime Environment:
#
#  EXCEPTION_ACCESS_VIOLATION (0xc0000005) at pc=0x00007ffe645f2abb, pid=12068, tid=11252
#
# JRE version: Java(TM) SE Runtime Environment (25.0+37) (build 25+37-LTS-3491)
# Java VM: Java HotSpot(TM) 64-Bit Server VM (25+37-LTS-3491, mixed mode, sharing, tiered, compressed oops, compressed class ptrs, g1 gc, windows-amd64)
# Problematic frame:
# C  [libasyncProfiler.dll+0x92abb]
#
# No core dump will be written. Minidumps are not enabled by default on client versions of Windows
#
# JFR recording file will be written. Location: C:\Users\anton\Desktop\Valiant Systems\progetto-web\hs_err_pid12068.jfr
#
# If you would like to submit a bug report, please visit:
#   https://bugreport.java.com/bugreport/crash.jsp
# The crash happened outside the Java Virtual Machine in native code.
# See problematic frame for where to report the bug.
#

---------------  S U M M A R Y ------------

Command Line: -ea -Didea.test.cyclic.buffer.size=1048576 -javaagent:C:\Program Files\JetBrains\IntelliJ IDEA 2024.2.6\lib\idea_rt.jar=60491:C:\Program Files\JetBrains\IntelliJ IDEA 2024.2.6\bin -agentpath:C:\Users\anton\AppData\Local\Temp\idea_libasyncProfiler_dll_temp_folder\libasyncProfiler.dll=start,jfr,event=wall,interval=10ms,jfrsync=profile,cstack=no,file=C:\Users\anton\IdeaSnapshots\application_gestioneutente_in_Valiant_Systems_2026_01_27_173029.jfr,dbghelppath=C:\Users\anton\AppData\Local\Temp\idea_dbghelp_dll_temp_folder\dbghelp.dll,log=C:\Users\anton\AppData\Local\Temp\application_gestioneutente_in_Valiant_Systems_2026_01_27_173029.jfr.log.txt,logLevel=DEBUG -Dfile.encoding=UTF-8 -Dsun.stdout.encoding=UTF-8 -Dsun.stderr.encoding=UTF-8 com.intellij.rt.junit.JUnitStarter -ideVersion5 -junit5 @w@C:\Users\anton\AppData\Local\Temp\idea_working_dirs_junit.tmp @C:\Users\anton\AppData\Local\Temp\idea_junit.tmp -socket60490

Host: Intel(R) Core(TM) 7 240H, 16 cores, 15G,  Windows 11 , 64 bit Build 26100 (10.0.26100.7623)
Time: Tue Jan 27 17:30:30 2026 ora solare Europa occidentale elapsed time: 0.575480 seconds (0d 0h 0m 0s)

---------------  T H R E A D  ---------------

Current thread (0x0000027fbda0c500):  JavaThread "main"             [_thread_in_native, id=11252, stack(0x000000d72d700000,0x000000d72d800000) (1024K)]

Stack: [0x000000d72d700000,0x000000d72d800000],  sp=0x000000d72d7fea50,  free space=1018k
Native frames: (J=compiled Java code, j=interpreted, Vv=VM code, C=native code)
C  [libasyncProfiler.dll+0x92abb]  (no source info available)
C  [libasyncProfiler.dll+0x92f9b]  (no source info available)
C  [libasyncProfiler.dll+0x91bf4]  (no source info available)
C  [libasyncProfiler.dll+0x92479]  (no source info available)
C  [libasyncProfiler.dll+0x8d061]  (no source info available)
C  [libasyncProfiler.dll+0x7e841]  (no source info available)
C  [libasyncProfiler.dll+0x7d528]  (no source info available)
C  [libasyncProfiler.dll+0x7d418]  (no source info available)
C  [libasyncProfiler.dll+0x835ec]  (no source info available)
V  [jvm.dll+0x64ad5e]  (no source info available)
V  [jvm.dll+0x91078d]  (no source info available)
V  [jvm.dll+0x4f9001]  (no source info available)
V  [jvm.dll+0x4fa891]  (no source info available)
C  [jli.dll+0x543e]  (no source info available)
C  [ucrtbase.dll+0x37b0]  (no source info available)
C  [KERNEL32.DLL+0x2e8d7]  (no source info available)
C  [ntdll.dll+0x8c53c]  (no source info available)


siginfo: EXCEPTION_ACCESS_VIOLATION (0xc0000005), reading address 0xffffffffffffffff


Registers:
RAX=0x0000000000000010, RBX=0x0000000000000000, RCX=0xffffffffffffffff, RDX=0x007ffe06c5653010
RSP=0x000000d72d7fea50, RBP=0x0000027fe3005090, RSI=0x000000d72d7febb8, RDI=0x0000027fe3005090
R8 =0x0000000000000042, R9 =0x0000000714e01eb8, R10=0x00007ffe06edf340, R11=0x0000000000000002
R12=0x000000d72d7febb8, R13=0x0000027fbde889e0, R14=0x0000027fbda0c948, R15=0x0000027fbda0c948
RIP=0x00007ffe645f2abb, EFLAGS=0x0000000000010202

XMM[0]=0x0000000000000000 0x0000000000000000
XMM[1]=0x0000000000000000 0x0000000000000000
XMM[2]=0x0000000000000000 0x0000000000000000
XMM[3]=0x0000000000000000 0x0000000000000000
XMM[4]=0x0000000000000000 0x0000000000000000
XMM[5]=0x0000000000000000 0x0000000000000000
XMM[6]=0x0000000000000000 0x0000000000000000
XMM[7]=0x0000000000000000 0x0000000000000000
XMM[8]=0x0000000000000000 0x0000000000000000
XMM[9]=0x0000000000000000 0x0000000000000000
XMM[10]=0x0000000000000000 0x0000000000000000
XMM[11]=0x0000000000000000 0x0000000000000000
XMM[12]=0x0000000000000000 0x0000000000000000
XMM[13]=0x0000000000000000 0x0000000000000000
XMM[14]=0x0000000000000000 0x0000000000000000
XMM[15]=0x0000000000000000 0x0000000000000000
  MXCSR=0x00001fa0


Register to memory mapping:

RAX=0x0000000000000010 is an unknown value
RBX=0x0 is null
RCX=0xffffffffffffffff is an unknown value
RDX=0x007ffe06c5653010 is an unknown value
RSP=0x000000d72d7fea50 is pointing into the stack for thread: 0x0000027fbda0c500
RBP=0x0000027fe3005090 points into unknown readable memory: 0x0000000714e01eb8 | b8 1e e0 14 07 00 00 00
RSI=0x000000d72d7febb8 is pointing into the stack for thread: 0x0000027fbda0c500
RDI=0x0000027fe3005090 points into unknown readable memory: 0x0000000714e01eb8 | b8 1e e0 14 07 00 00 00
R8 =0x0000000000000042 is an unknown value
R9 =0x0000000714e01eb8 is an oop: java.lang.Thread 
{0x0000000714e01eb8} - klass: 'java/lang/Thread' - flags: 

 - ---- fields (total size 14 words):
 - 'threadLocalRandomProbe' 'I' @12  0 (0x00000000)
 - private volatile 'eetop' 'J' @16  2747665532160 (0x0000027fbda0c500)
 - private final 'tid' 'J' @24  3 (0x0000000000000003)
 - 'threadLocalRandomSeed' 'J' @32  0 (0x0000000000000000)
 - injected 'jvmti_thread_state' 'J' @40  2748220598800 (0x0000027fdeb66a10)
 - 'threadLocalRandomSecondarySeed' 'I' @48  0 (0x00000000)
 - injected 'jvmti_VTMS_transition_disable_count' 'I' @52  0 (0x00000000)
 - injected 'jfr_epoch' 'S' @56  0 (0x0000)
 - volatile 'interrupted' 'Z' @58  false (0x00)
 - injected 'jvmti_is_in_VTMS_transition' 'Z' @59  false (0x00)
 - private volatile 'name' 'Ljava/lang/String;' @60  "main"{0x0000000714e01f28} (0xe29c03e5)
 - private volatile 'contextClassLoader' 'Ljava/lang/ClassLoader;' @64  a 'jdk/internal/loader/ClassLoaders$AppClassLoader'{0x0000000714e3df80} (0xe29c7bf0)
 - private final 'holder' 'Ljava/lang/Thread$FieldHolder;' @68  a 'java/lang/Thread$FieldHolder'{0x0000000714e01f68} (0xe29c03ed)
 - private 'threadLocals' 'Ljava/lang/ThreadLocal$ThreadLocalMap;' @72  null (0x00000000)
 - private 'inheritableThreadLocals' 'Ljava/lang/ThreadLocal$ThreadLocalMap;' @76  null (0x00000000)
 - private 'scopedValueBindings' 'Ljava/lang/Object;' @80  a 'java/lang/Class'{0x00000007ffe7f1c0} = 'java/lang/Thread' (0xfffcfe38)
 - final 'interruptLock' 'Ljava/lang/Object;' @84  a 'java/lang/Object'{0x0000000714e01f58} (0xe29c03eb)
 - private volatile 'parkBlocker' 'Ljava/lang/Object;' @88  null (0x00000000)
 - private 'nioBlocker' 'Lsun/nio/ch/Interruptible;' @92  null (0x00000000)
 - private 'cont' 'Ljdk/internal/vm/Continuation;' @96  null (0x00000000)
 - private volatile 'uncaughtExceptionHandler' 'Ljava/lang/Thread$UncaughtExceptionHandler;' @100  null (0x00000000)
 - private 'container' 'Ljdk/internal/vm/ThreadContainer;' @104  null (0x00000000)
 - private volatile 'headStackableScopes' 'Ljdk/internal/vm/StackableScope;' @108  null (0x00000000)
R10=0x00007ffe06edf340 jvm.dll
R11=0x0000000000000002 is an unknown value
R12=0x000000d72d7febb8 is pointing into the stack for thread: 0x0000027fbda0c500
R13=0x0000027fbde889e0 points into unknown readable memory: 0x00007ffe06e4fbc0 | c0 fb e4 06 fe 7f 00 00
R14=0x0000027fbda0c948 points into unknown readable memory: 0x00007ffe06e46b50 | 50 6b e4 06 fe 7f 00 00
R15=0x0000027fbda0c948 points into unknown readable memory: 0x00007ffe06e46b50 | 50 6b e4 06 fe 7f 00 00

Top of Stack: (sp=0x000000d72d7fea50)
0x000000d72d7fea50:   000000d72d7febb8 0000027fe3005090   ...-.....P......
0x000000d72d7fea60:   0000000000000000 0000027fbdf0dfb8   ................
0x000000d72d7fea70:   000000000000001f 00007ffe645f2f9b   ........./_d....
0x000000d72d7fea80:   0000000000000000 0000027fbda0c948   ........H.......
0x000000d72d7fea90:   000000d72d7feb01 0000000000000000   ...-............
0x000000d72d7feaa0:   0000027fe51970c0 00007ffe645f1bf4   .p........_d....
0x000000d72d7feab0:   0000000000000000 000000000000001f   ................
0x000000d72d7feac0:   0000000000000000 000000000000001f   ................
0x000000d72d7fead0:   0000000b00000003 0000027fe5346140   ........@a4.....
0x000000d72d7feae0:   0000027fe51970c0 0000027fe519713c   .p......<q......
0x000000d72d7feaf0:   0000027fe5197168 0000027f000024a0   hq.......$......
0x000000d72d7feb00:   0000000000000000 0000000000000000   ................
0x000000d72d7feb10:   0000000000000000 00007ffe06647134   ........4qd.....
0x000000d72d7feb20:   00007ffe64735c80 0000000000002f24   .\sd....$/......
0x000000d72d7feb30:   00007ffe64735c80 00000000ffffffff   .\sd............
0x000000d72d7feb40:   0000000000000000 00007ffe645f2479   ........y$_d....
0x000000d72d7feb50:   0000027fbda0c948 0000000000000000   H...............
0x000000d72d7feb60:   000000d72d7febc9 0000027fbde889e0   ...-............
0x000000d72d7feb70:   00000000000020c0 00007ffe645ad1fd   . ........Zd....
0x000000d72d7feb80:   0000027fe5aee040 0000027fbda0c948   @.......H.......
0x000000d72d7feb90:   0000027fe5aee040 00007ffe64735c80   @........\sd....
0x000000d72d7feba0:   0000000000989680 00007ffe646e0058   ........X.nd....
0x000000d72d7febb0:   0000000000000000 0000027fe527ca70   ........p.'.....
0x000000d72d7febc0:   0000027fe527ce50 0000027fe527ce50   P.'.....P.'.....
0x000000d72d7febd0:   0000027fbda0c948 00007ffe64735c80   H........\sd....
0x000000d72d7febe0:   0000027fbde7e938 000000d72d7fed58   8.......X..-....
0x000000d72d7febf0:   000000d72d7fee90 0000000000008840   ...-....@.......
0x000000d72d7fec00:   00007ffe64728080 00007ffe64735cd0   ..rd.....\sd....
0x000000d72d7fec10:   0000000000989680 0000000000989680   ................
0x000000d72d7fec20:   000000d72d7fed30 00007ffe645ed061   0..-....a.^d....
0x000000d72d7fec30:   00007ffe64735c80 00007ffe64735cd8   .\sd.....\sd....
0x000000d72d7fec40:   00007ffe00000000 003eacde00000001   ..............>.

Instructions: (pc=0x00007ffe645f2abb)
  0x00007ffe645f29bb:   cc cc cc cc cc cc cc cc cc cc cc cc cc cc cc cc
  0x00007ffe645f29cb:   cc cc cc cc cc cc cc cc cc cc cc cc cc cc cc cc
  0x00007ffe645f29db:   cc cc cc cc cc cc cc cc cc cc cc cc cc cc cc cc
  0x00007ffe645f29eb:   cc cc cc cc cc cc cc cc cc cc cc cc cc cc cc cc
  0x00007ffe645f29fb:   cc cc cc cc cc cc cc cc cc cc cc cc cc cc cc cc
  0x00007ffe645f2a0b:   cc cc cc cc cc cc cc cc cc cc cc cc cc cc cc cc
  0x00007ffe645f2a1b:   cc cc cc cc cc cc cc cc cc cc cc cc cc cc cc cc
  0x00007ffe645f2a2b:   cc cc cc cc cc cc cc cc cc cc cc cc cc cc cc cc
  0x00007ffe645f2a3b:   cc cc cc cc cc cc cc cc cc cc cc cc cc cc cc cc
  0x00007ffe645f2a4b:   cc cc cc cc cc 48 89 5c 24 08 57 48 83 ec 20 48
  0x00007ffe645f2a5b:   8b f9 48 8d 54 24 38 48 8b 0d e7 33 14 00 41 b8
  0x00007ffe645f2a6b:   06 00 01 00 48 8b 01 4c 8b 48 30 41 ff d1 4c 8b
  0x00007ffe645f2a7b:   05 e0 34 14 00 33 c9 85 c0 48 0f 44 4c 24 38 4d
  0x00007ffe645f2a8b:   85 c0 74 4a 48 8b 01 48 8b d7 4c 8b 88 28 03 00
  0x00007ffe645f2a9b:   00 41 ff d1 48 85 c0 74 35 48 63 0d 01 f3 13 00
  0x00007ffe645f2aab:   48 8b 14 01 48 85 d2 74 15 48 63 05 05 f3 13 00
=>0x00007ffe645f2abb:   8b 04 10 48 8b 5c 24 30 48 83 c4 20 5f c3 b8 ff
  0x00007ffe645f2acb:   ff ff ff 48 8b 5c 24 30 48 83 c4 20 5f c3 80 3d
  0x00007ffe645f2adb:   84 33 14 00 00 bb ff ff ff ff 74 20 4c 8b 0d 2a
  0x00007ffe645f2aeb:   30 14 00 4c 8d 44 24 38 48 8b 0d 0e 30 14 00 48
  0x00007ffe645f2afb:   8b d7 41 ff d1 85 c0 0f 44 5c 24 38 8b c3 48 8b
  0x00007ffe645f2b0b:   5c 24 30 48 83 c4 20 5f c3 cc cc cc cc cc cc cc
  0x00007ffe645f2b1b:   cc cc cc cc cc cc cc cc cc cc cc cc cc cc cc cc
  0x00007ffe645f2b2b:   cc cc cc cc cc cc cc cc cc cc cc cc cc cc cc cc
  0x00007ffe645f2b3b:   cc cc cc cc cc cc cc cc cc cc cc cc cc cc cc cc
  0x00007ffe645f2b4b:   cc cc cc cc cc 48 89 54 24 10 53 55 56 57 41 56
  0x00007ffe645f2b5b:   41 57 48 83 ec 28 48 8b f2 4c 8b f1 48 89 4c 24
  0x00007ffe645f2b6b:   78 45 33 ff 44 89 7c 24 68 c7 44 24 60 01 00 00
  0x00007ffe645f2b7b:   00 48 8d 4c 24 68 e8 88 3f f7 ff 8b d8 48 8d 4c
  0x00007ffe645f2b8b:   24 60 e8 7c 3f f7 ff 8b e8 49 8b ce e8 2d f8 f6
  0x00007ffe645f2b9b:   ff 48 8b f8 90 8b c3 f0 0f b1 2f 74 04 f3 90 eb
  0x00007ffe645f2bab:   f4 4c 89 3e 4c 89 7e 08 4c 89 7e 10 49 8b 6e 08


Stack slot to memory mapping:

stack at sp + 0 slots: 0x000000d72d7febb8 is pointing into the stack for thread: 0x0000027fbda0c500
stack at sp + 1 slots: 0x0000027fe3005090 points into unknown readable memory: 0x0000000714e01eb8 | b8 1e e0 14 07 00 00 00
stack at sp + 2 slots: 0x0 is null
stack at sp + 3 slots: 0x0000027fbdf0dfb8 points into unknown readable memory: 0x6e616c2e6176616a | 6a 61 76 61 2e 6c 61 6e
stack at sp + 4 slots: 0x000000000000001f is an unknown value
stack at sp + 5 slots: 0x00007ffe645f2f9b libasyncProfiler.dll
stack at sp + 6 slots: 0x0 is null
stack at sp + 7 slots: 0x0000027fbda0c948 points into unknown readable memory: 0x00007ffe06e46b50 | 50 6b e4 06 fe 7f 00 00

Lock stack of current Java thread (top to bottom):


---------------  P R O C E S S  ---------------

Threads class SMR info:
_java_thread_list=0x0000027fe5429570, length=23, elements={
0x0000027fbda0c500, 0x0000027fbdb805b0, 0x0000027fbdb80ec0, 0x0000027fbdb86570,
0x0000027fbdb879c0, 0x0000027fbdb8b6e0, 0x0000027fdeab4f60, 0x0000027fbdb9a880,
0x0000027fbdb9ca90, 0x0000027fdeb6ea50, 0x0000027fdec39450, 0x0000027fdec47440,
0x0000027fded184c0, 0x0000027fdecec540, 0x0000027fe31c00e0, 0x0000027fe331e620,
0x0000027fe331cdf0, 0x0000027fe34680d0, 0x0000027fe53659c0, 0x0000027fe54c7690,
0x0000027fe549e320, 0x0000027fe542ba20, 0x0000027fe516a9b0
}

Java Threads: ( => current thread )
=>0x0000027fbda0c500 JavaThread "main"                              [_thread_in_native, id=11252, stack(0x000000d72d700000,0x000000d72d800000) (1024K)]
  0x0000027fbdb805b0 JavaThread "Reference Handler"          daemon [_thread_blocked, id=15512, stack(0x000000d72df00000,0x000000d72e000000) (1024K)]
  0x0000027fbdb80ec0 JavaThread "Finalizer"                  daemon [_thread_blocked, id=13156, stack(0x000000d72e000000,0x000000d72e100000) (1024K)]
  0x0000027fbdb86570 JavaThread "Signal Dispatcher"          daemon [_thread_blocked, id=15008, stack(0x000000d72e100000,0x000000d72e200000) (1024K)]
  0x0000027fbdb879c0 JavaThread "Attach Listener"            daemon [_thread_blocked, id=10032, stack(0x000000d72e200000,0x000000d72e300000) (1024K)]
  0x0000027fbdb8b6e0 JavaThread "Service Thread"             daemon [_thread_blocked, id=9060, stack(0x000000d72e300000,0x000000d72e400000) (1024K)]
  0x0000027fdeab4f60 JavaThread "Monitor Deflation Thread"   daemon [_thread_blocked, id=20060, stack(0x000000d72e400000,0x000000d72e500000) (1024K)]
  0x0000027fbdb9a880 JavaThread "C2 CompilerThread0"         daemon [_thread_blocked, id=8464, stack(0x000000d72e500000,0x000000d72e600000) (1024K)]
  0x0000027fbdb9ca90 JavaThread "C1 CompilerThread0"         daemon [_thread_blocked, id=4720, stack(0x000000d72e600000,0x000000d72e700000) (1024K)]
  0x0000027fdeb6ea50 JavaThread "C1 CompilerThread1"         daemon [_thread_blocked, id=14024, stack(0x000000d72e700000,0x000000d72e800000) (1024K)]
  0x0000027fdec39450 JavaThread "C1 CompilerThread2"         daemon [_thread_blocked, id=6820, stack(0x000000d72e800000,0x000000d72e900000) (1024K)]
  0x0000027fdec47440 JavaThread "C2 CompilerThread1"         daemon [_thread_blocked, id=10784, stack(0x000000d72e900000,0x000000d72ea00000) (1024K)]
  0x0000027fded184c0 JavaThread "Common-Cleaner"             daemon [_thread_blocked, id=16552, stack(0x000000d72ea00000,0x000000d72eb00000) (1024K)]
  0x0000027fdecec540 JavaThread "Monitor Ctrl-Break"         daemon [_thread_in_native, id=13728, stack(0x000000d72eb00000,0x000000d72ec00000) (1024K)]
  0x0000027fe31c00e0 JavaThread "C1 CompilerThread3"         daemon [_thread_blocked, id=2620, stack(0x000000d72ec00000,0x000000d72ed00000) (1024K)]
  0x0000027fe331e620 JavaThread "C2 CompilerThread2"         daemon [_thread_blocked, id=15716, stack(0x000000d72ed00000,0x000000d72ee00000) (1024K)]
  0x0000027fe331cdf0 JavaThread "C2 CompilerThread3"         daemon [_thread_in_native, id=2148, stack(0x000000d72ee00000,0x000000d72ef00000) (1024K)]
  0x0000027fe34680d0 JavaThread "JFR Recorder Thread"        daemon [_thread_in_native, id=19792, stack(0x000000d72ef00000,0x000000d72f000000) (1024K)]
  0x0000027fe53659c0 JavaThread "JFR Periodic Tasks"         daemon [_thread_blocked, id=16416, stack(0x000000d72f000000,0x000000d72f100000) (1024K)]
  0x0000027fe54c7690 JavaThread "RMI TCP Accept-0"           daemon [_thread_in_native, id=9376, stack(0x000000d72f100000,0x000000d72f200000) (1024K)]
  0x0000027fe549e320 JavaThread "RMI TCP Connection(1)-192.168.1.21" daemon [_thread_in_native, id=4956, stack(0x000000d72f200000,0x000000d72f300000) (1024K)]
  0x0000027fe542ba20 JavaThread "RMI Scheduler(0)"           daemon [_thread_blocked, id=15520, stack(0x000000d72f300000,0x000000d72f400000) (1024K)]
  0x0000027fe516a9b0 JavaThread "JMX server connection timeout 42" daemon [_thread_blocked, id=312, stack(0x000000d72f400000,0x000000d72f500000) (1024K)]
Total: 23

Other Threads:
  0x0000027fbdb69ca0 VMThread "VM Thread"                           [id=8128, stack(0x000000d72de00000,0x000000d72df00000) (1024K)]
  0x0000027fbdb5b590 WatcherThread "VM Periodic Task Thread"        [id=6088, stack(0x000000d72dd00000,0x000000d72de00000) (1024K)]
  0x0000027fbda75640 WorkerThread "GC Thread#0"                     [id=13072, stack(0x000000d72d800000,0x000000d72d900000) (1024K)]
  0x0000027fbda8df30 ConcurrentGCThread "G1 Main Marker"            [id=8136, stack(0x000000d72d900000,0x000000d72da00000) (1024K)]
  0x0000027fbda8f920 WorkerThread "G1 Conc#0"                       [id=11312, stack(0x000000d72da00000,0x000000d72db00000) (1024K)]
  0x0000027fbdb04270 ConcurrentGCThread "G1 Refine#0"               [id=13888, stack(0x000000d72db00000,0x000000d72dc00000) (1024K)]
  0x0000027fbdb08a90 ConcurrentGCThread "G1 Service"                [id=12188, stack(0x000000d72dc00000,0x000000d72dd00000) (1024K)]
Total: 7

Threads with active compile tasks:
C2 CompilerThread3  665 1926       4       jdk.jfr.internal.MetadataWriter::write (168 bytes)
Total: 1

VM state: not at safepoint (normal execution)

VM Mutex/Monitor currently owned by a thread: None

Heap address: 0x0000000705400000, size: 4012 MB, Compressed Oops mode: Zero based, Oop shift amount: 3

CDS archive(s) mapped at: [0x0000000084000000-0x0000000084dd0000-0x0000000084dd0000), size 14483456, SharedBaseAddress: 0x0000000084000000, ArchiveRelocationMode: 1.
Compressed class space mapped at: 0x0000000085000000-0x00000000c5000000, reserved size: 1073741824
UseCompressedClassPointers 1, UseCompactObjectHeaders 0
Narrow klass pointer bits 32, Max shift 3
Narrow klass base: 0x0000000084000000, Narrow klass shift: 0
Encoding Range: [0x0000000084000000 - 0x0000000184000000), (4294967296 bytes)
Klass Range:    [0x0000000084010000 - 0x00000000c5000000), (1090453504 bytes)
Klass ID Range:  [65536 - 1090519033) (1090453497)
Protection zone: [0x0000000084000000 - 0x0000000084010000), (65536 bytes)

GC Precious Log:
 CardTable entry size: 512
 Card Set container configuration: InlinePtr #cards 4 size 8 Array Of Cards #cards 16 size 48 Howl #buckets 8 coarsen threshold 3686 Howl Bitmap #cards 512 size 80 coarsen threshold 460 Card regions per heap region 1 cards per card region 4096
 CPUs: 16 total, 16 available
 Memory: 16044M
 Large Page Support: Disabled
 NUMA Support: Disabled
 Compressed Oops: Enabled (Zero based)
 Heap Region Size: 2M
 Heap Min Capacity: 8M
 Heap Initial Capacity: 252M
 Heap Max Capacity: 4012M
 Pre-touch: Disabled
 Parallel Workers: 13
 Concurrent Workers: 3
 Concurrent Refinement Workers: 13
 Periodic GC: Disabled

Heap:
 garbage-first heap   total reserved 4108288K, committed 260096K, used 33941K [0x0000000705400000, 0x0000000800000000)
  region size 2048K, 17 young (34816K), 0 survivors (0K)

Heap Regions: E=young(eden), S=young(survivor), O=old, HS=humongous(starts), HC=humongous(continues), CS=collection set, F=free, TAMS=top-at-mark-start, PB=parsable bottom
|   0|0x0000000705400000, 0x0000000705400000, 0x0000000705600000|  0%| F|  |TAMS 0x0000000705400000| PB 0x0000000705400000| Untracked |  0
|   1|0x0000000705600000, 0x0000000705600000, 0x0000000705800000|  0%| F|  |TAMS 0x0000000705600000| PB 0x0000000705600000| Untracked |  0
|   2|0x0000000705800000, 0x0000000705800000, 0x0000000705a00000|  0%| F|  |TAMS 0x0000000705800000| PB 0x0000000705800000| Untracked |  0
|   3|0x0000000705a00000, 0x0000000705a00000, 0x0000000705c00000|  0%| F|  |TAMS 0x0000000705a00000| PB 0x0000000705a00000| Untracked |  0
|   4|0x0000000705c00000, 0x0000000705c00000, 0x0000000705e00000|  0%| F|  |TAMS 0x0000000705c00000| PB 0x0000000705c00000| Untracked |  0
|   5|0x0000000705e00000, 0x0000000705e00000, 0x0000000706000000|  0%| F|  |TAMS 0x0000000705e00000| PB 0x0000000705e00000| Untracked |  0
|   6|0x0000000706000000, 0x0000000706000000, 0x0000000706200000|  0%| F|  |TAMS 0x0000000706000000| PB 0x0000000706000000| Untracked |  0
|   7|0x0000000706200000, 0x0000000706200000, 0x0000000706400000|  0%| F|  |TAMS 0x0000000706200000| PB 0x0000000706200000| Untracked |  0
|   8|0x0000000706400000, 0x0000000706400000, 0x0000000706600000|  0%| F|  |TAMS 0x0000000706400000| PB 0x0000000706400000| Untracked |  0
|   9|0x0000000706600000, 0x0000000706600000, 0x0000000706800000|  0%| F|  |TAMS 0x0000000706600000| PB 0x0000000706600000| Untracked |  0
|  10|0x0000000706800000, 0x0000000706800000, 0x0000000706a00000|  0%| F|  |TAMS 0x0000000706800000| PB 0x0000000706800000| Untracked |  0
|  11|0x0000000706a00000, 0x0000000706a00000, 0x0000000706c00000|  0%| F|  |TAMS 0x0000000706a00000| PB 0x0000000706a00000| Untracked |  0
|  12|0x0000000706c00000, 0x0000000706c00000, 0x0000000706e00000|  0%| F|  |TAMS 0x0000000706c00000| PB 0x0000000706c00000| Untracked |  0
|  13|0x0000000706e00000, 0x0000000706e00000, 0x0000000707000000|  0%| F|  |TAMS 0x0000000706e00000| PB 0x0000000706e00000| Untracked |  0
|  14|0x0000000707000000, 0x0000000707000000, 0x0000000707200000|  0%| F|  |TAMS 0x0000000707000000| PB 0x0000000707000000| Untracked |  0
|  15|0x0000000707200000, 0x0000000707200000, 0x0000000707400000|  0%| F|  |TAMS 0x0000000707200000| PB 0x0000000707200000| Untracked |  0
|  16|0x0000000707400000, 0x0000000707400000, 0x0000000707600000|  0%| F|  |TAMS 0x0000000707400000| PB 0x0000000707400000| Untracked |  0
|  17|0x0000000707600000, 0x0000000707600000, 0x0000000707800000|  0%| F|  |TAMS 0x0000000707600000| PB 0x0000000707600000| Untracked |  0
|  18|0x0000000707800000, 0x0000000707800000, 0x0000000707a00000|  0%| F|  |TAMS 0x0000000707800000| PB 0x0000000707800000| Untracked |  0
|  19|0x0000000707a00000, 0x0000000707a00000, 0x0000000707c00000|  0%| F|  |TAMS 0x0000000707a00000| PB 0x0000000707a00000| Untracked |  0
|  20|0x0000000707c00000, 0x0000000707c00000, 0x0000000707e00000|  0%| F|  |TAMS 0x0000000707c00000| PB 0x0000000707c00000| Untracked |  0
|  21|0x0000000707e00000, 0x0000000707e00000, 0x0000000708000000|  0%| F|  |TAMS 0x0000000707e00000| PB 0x0000000707e00000| Untracked |  0
|  22|0x0000000708000000, 0x0000000708000000, 0x0000000708200000|  0%| F|  |TAMS 0x0000000708000000| PB 0x0000000708000000| Untracked |  0
|  23|0x0000000708200000, 0x0000000708200000, 0x0000000708400000|  0%| F|  |TAMS 0x0000000708200000| PB 0x0000000708200000| Untracked |  0
|  24|0x0000000708400000, 0x0000000708400000, 0x0000000708600000|  0%| F|  |TAMS 0x0000000708400000| PB 0x0000000708400000| Untracked |  0
|  25|0x0000000708600000, 0x0000000708600000, 0x0000000708800000|  0%| F|  |TAMS 0x0000000708600000| PB 0x0000000708600000| Untracked |  0
|  26|0x0000000708800000, 0x0000000708800000, 0x0000000708a00000|  0%| F|  |TAMS 0x0000000708800000| PB 0x0000000708800000| Untracked |  0
|  27|0x0000000708a00000, 0x0000000708a00000, 0x0000000708c00000|  0%| F|  |TAMS 0x0000000708a00000| PB 0x0000000708a00000| Untracked |  0
|  28|0x0000000708c00000, 0x0000000708c00000, 0x0000000708e00000|  0%| F|  |TAMS 0x0000000708c00000| PB 0x0000000708c00000| Untracked |  0
|  29|0x0000000708e00000, 0x0000000708e00000, 0x0000000709000000|  0%| F|  |TAMS 0x0000000708e00000| PB 0x0000000708e00000| Untracked |  0
|  30|0x0000000709000000, 0x0000000709000000, 0x0000000709200000|  0%| F|  |TAMS 0x0000000709000000| PB 0x0000000709000000| Untracked |  0
|  31|0x0000000709200000, 0x0000000709200000, 0x0000000709400000|  0%| F|  |TAMS 0x0000000709200000| PB 0x0000000709200000| Untracked |  0
|  32|0x0000000709400000, 0x0000000709400000, 0x0000000709600000|  0%| F|  |TAMS 0x0000000709400000| PB 0x0000000709400000| Untracked |  0
|  33|0x0000000709600000, 0x0000000709600000, 0x0000000709800000|  0%| F|  |TAMS 0x0000000709600000| PB 0x0000000709600000| Untracked |  0
|  34|0x0000000709800000, 0x0000000709800000, 0x0000000709a00000|  0%| F|  |TAMS 0x0000000709800000| PB 0x0000000709800000| Untracked |  0
|  35|0x0000000709a00000, 0x0000000709a00000, 0x0000000709c00000|  0%| F|  |TAMS 0x0000000709a00000| PB 0x0000000709a00000| Untracked |  0
|  36|0x0000000709c00000, 0x0000000709c00000, 0x0000000709e00000|  0%| F|  |TAMS 0x0000000709c00000| PB 0x0000000709c00000| Untracked |  0
|  37|0x0000000709e00000, 0x0000000709e00000, 0x000000070a000000|  0%| F|  |TAMS 0x0000000709e00000| PB 0x0000000709e00000| Untracked |  0
|  38|0x000000070a000000, 0x000000070a000000, 0x000000070a200000|  0%| F|  |TAMS 0x000000070a000000| PB 0x000000070a000000| Untracked |  0
|  39|0x000000070a200000, 0x000000070a200000, 0x000000070a400000|  0%| F|  |TAMS 0x000000070a200000| PB 0x000000070a200000| Untracked |  0
|  40|0x000000070a400000, 0x000000070a400000, 0x000000070a600000|  0%| F|  |TAMS 0x000000070a400000| PB 0x000000070a400000| Untracked |  0
|  41|0x000000070a600000, 0x000000070a600000, 0x000000070a800000|  0%| F|  |TAMS 0x000000070a600000| PB 0x000000070a600000| Untracked |  0
|  42|0x000000070a800000, 0x000000070a800000, 0x000000070aa00000|  0%| F|  |TAMS 0x000000070a800000| PB 0x000000070a800000| Untracked |  0
|  43|0x000000070aa00000, 0x000000070aa00000, 0x000000070ac00000|  0%| F|  |TAMS 0x000000070aa00000| PB 0x000000070aa00000| Untracked |  0
|  44|0x000000070ac00000, 0x000000070ac00000, 0x000000070ae00000|  0%| F|  |TAMS 0x000000070ac00000| PB 0x000000070ac00000| Untracked |  0
|  45|0x000000070ae00000, 0x000000070ae00000, 0x000000070b000000|  0%| F|  |TAMS 0x000000070ae00000| PB 0x000000070ae00000| Untracked |  0
|  46|0x000000070b000000, 0x000000070b000000, 0x000000070b200000|  0%| F|  |TAMS 0x000000070b000000| PB 0x000000070b000000| Untracked |  0
|  47|0x000000070b200000, 0x000000070b200000, 0x000000070b400000|  0%| F|  |TAMS 0x000000070b200000| PB 0x000000070b200000| Untracked |  0
|  48|0x000000070b400000, 0x000000070b400000, 0x000000070b600000|  0%| F|  |TAMS 0x000000070b400000| PB 0x000000070b400000| Untracked |  0
|  49|0x000000070b600000, 0x000000070b600000, 0x000000070b800000|  0%| F|  |TAMS 0x000000070b600000| PB 0x000000070b600000| Untracked |  0
|  50|0x000000070b800000, 0x000000070b800000, 0x000000070ba00000|  0%| F|  |TAMS 0x000000070b800000| PB 0x000000070b800000| Untracked |  0
|  51|0x000000070ba00000, 0x000000070ba00000, 0x000000070bc00000|  0%| F|  |TAMS 0x000000070ba00000| PB 0x000000070ba00000| Untracked |  0
|  52|0x000000070bc00000, 0x000000070bc00000, 0x000000070be00000|  0%| F|  |TAMS 0x000000070bc00000| PB 0x000000070bc00000| Untracked |  0
|  53|0x000000070be00000, 0x000000070be00000, 0x000000070c000000|  0%| F|  |TAMS 0x000000070be00000| PB 0x000000070be00000| Untracked |  0
|  54|0x000000070c000000, 0x000000070c000000, 0x000000070c200000|  0%| F|  |TAMS 0x000000070c000000| PB 0x000000070c000000| Untracked |  0
|  55|0x000000070c200000, 0x000000070c200000, 0x000000070c400000|  0%| F|  |TAMS 0x000000070c200000| PB 0x000000070c200000| Untracked |  0
|  56|0x000000070c400000, 0x000000070c400000, 0x000000070c600000|  0%| F|  |TAMS 0x000000070c400000| PB 0x000000070c400000| Untracked |  0
|  57|0x000000070c600000, 0x000000070c600000, 0x000000070c800000|  0%| F|  |TAMS 0x000000070c600000| PB 0x000000070c600000| Untracked |  0
|  58|0x000000070c800000, 0x000000070c800000, 0x000000070ca00000|  0%| F|  |TAMS 0x000000070c800000| PB 0x000000070c800000| Untracked |  0
|  59|0x000000070ca00000, 0x000000070ca00000, 0x000000070cc00000|  0%| F|  |TAMS 0x000000070ca00000| PB 0x000000070ca00000| Untracked |  0
|  60|0x000000070cc00000, 0x000000070cc00000, 0x000000070ce00000|  0%| F|  |TAMS 0x000000070cc00000| PB 0x000000070cc00000| Untracked |  0
|  61|0x000000070ce00000, 0x000000070ce00000, 0x000000070d000000|  0%| F|  |TAMS 0x000000070ce00000| PB 0x000000070ce00000| Untracked |  0
|  62|0x000000070d000000, 0x000000070d000000, 0x000000070d200000|  0%| F|  |TAMS 0x000000070d000000| PB 0x000000070d000000| Untracked |  0
|  63|0x000000070d200000, 0x000000070d200000, 0x000000070d400000|  0%| F|  |TAMS 0x000000070d200000| PB 0x000000070d200000| Untracked |  0
|  64|0x000000070d400000, 0x000000070d400000, 0x000000070d600000|  0%| F|  |TAMS 0x000000070d400000| PB 0x000000070d400000| Untracked |  0
|  65|0x000000070d600000, 0x000000070d600000, 0x000000070d800000|  0%| F|  |TAMS 0x000000070d600000| PB 0x000000070d600000| Untracked |  0
|  66|0x000000070d800000, 0x000000070d800000, 0x000000070da00000|  0%| F|  |TAMS 0x000000070d800000| PB 0x000000070d800000| Untracked |  0
|  67|0x000000070da00000, 0x000000070da00000, 0x000000070dc00000|  0%| F|  |TAMS 0x000000070da00000| PB 0x000000070da00000| Untracked |  0
|  68|0x000000070dc00000, 0x000000070dc00000, 0x000000070de00000|  0%| F|  |TAMS 0x000000070dc00000| PB 0x000000070dc00000| Untracked |  0
|  69|0x000000070de00000, 0x000000070de00000, 0x000000070e000000|  0%| F|  |TAMS 0x000000070de00000| PB 0x000000070de00000| Untracked |  0
|  70|0x000000070e000000, 0x000000070e000000, 0x000000070e200000|  0%| F|  |TAMS 0x000000070e000000| PB 0x000000070e000000| Untracked |  0
|  71|0x000000070e200000, 0x000000070e200000, 0x000000070e400000|  0%| F|  |TAMS 0x000000070e200000| PB 0x000000070e200000| Untracked |  0
|  72|0x000000070e400000, 0x000000070e400000, 0x000000070e600000|  0%| F|  |TAMS 0x000000070e400000| PB 0x000000070e400000| Untracked |  0
|  73|0x000000070e600000, 0x000000070e600000, 0x000000070e800000|  0%| F|  |TAMS 0x000000070e600000| PB 0x000000070e600000| Untracked |  0
|  74|0x000000070e800000, 0x000000070e800000, 0x000000070ea00000|  0%| F|  |TAMS 0x000000070e800000| PB 0x000000070e800000| Untracked |  0
|  75|0x000000070ea00000, 0x000000070ea00000, 0x000000070ec00000|  0%| F|  |TAMS 0x000000070ea00000| PB 0x000000070ea00000| Untracked |  0
|  76|0x000000070ec00000, 0x000000070ec00000, 0x000000070ee00000|  0%| F|  |TAMS 0x000000070ec00000| PB 0x000000070ec00000| Untracked |  0
|  77|0x000000070ee00000, 0x000000070ee00000, 0x000000070f000000|  0%| F|  |TAMS 0x000000070ee00000| PB 0x000000070ee00000| Untracked |  0
|  78|0x000000070f000000, 0x000000070f000000, 0x000000070f200000|  0%| F|  |TAMS 0x000000070f000000| PB 0x000000070f000000| Untracked |  0
|  79|0x000000070f200000, 0x000000070f200000, 0x000000070f400000|  0%| F|  |TAMS 0x000000070f200000| PB 0x000000070f200000| Untracked |  0
|  80|0x000000070f400000, 0x000000070f400000, 0x000000070f600000|  0%| F|  |TAMS 0x000000070f400000| PB 0x000000070f400000| Untracked |  0
|  81|0x000000070f600000, 0x000000070f600000, 0x000000070f800000|  0%| F|  |TAMS 0x000000070f600000| PB 0x000000070f600000| Untracked |  0
|  82|0x000000070f800000, 0x000000070f800000, 0x000000070fa00000|  0%| F|  |TAMS 0x000000070f800000| PB 0x000000070f800000| Untracked |  0
|  83|0x000000070fa00000, 0x000000070fa00000, 0x000000070fc00000|  0%| F|  |TAMS 0x000000070fa00000| PB 0x000000070fa00000| Untracked |  0
|  84|0x000000070fc00000, 0x000000070fc00000, 0x000000070fe00000|  0%| F|  |TAMS 0x000000070fc00000| PB 0x000000070fc00000| Untracked |  0
|  85|0x000000070fe00000, 0x000000070fe00000, 0x0000000710000000|  0%| F|  |TAMS 0x000000070fe00000| PB 0x000000070fe00000| Untracked |  0
|  86|0x0000000710000000, 0x0000000710000000, 0x0000000710200000|  0%| F|  |TAMS 0x0000000710000000| PB 0x0000000710000000| Untracked |  0
|  87|0x0000000710200000, 0x0000000710200000, 0x0000000710400000|  0%| F|  |TAMS 0x0000000710200000| PB 0x0000000710200000| Untracked |  0
|  88|0x0000000710400000, 0x0000000710400000, 0x0000000710600000|  0%| F|  |TAMS 0x0000000710400000| PB 0x0000000710400000| Untracked |  0
|  89|0x0000000710600000, 0x0000000710600000, 0x0000000710800000|  0%| F|  |TAMS 0x0000000710600000| PB 0x0000000710600000| Untracked |  0
|  90|0x0000000710800000, 0x0000000710800000, 0x0000000710a00000|  0%| F|  |TAMS 0x0000000710800000| PB 0x0000000710800000| Untracked |  0
|  91|0x0000000710a00000, 0x0000000710a00000, 0x0000000710c00000|  0%| F|  |TAMS 0x0000000710a00000| PB 0x0000000710a00000| Untracked |  0
|  92|0x0000000710c00000, 0x0000000710c00000, 0x0000000710e00000|  0%| F|  |TAMS 0x0000000710c00000| PB 0x0000000710c00000| Untracked |  0
|  93|0x0000000710e00000, 0x0000000710e00000, 0x0000000711000000|  0%| F|  |TAMS 0x0000000710e00000| PB 0x0000000710e00000| Untracked |  0
|  94|0x0000000711000000, 0x0000000711000000, 0x0000000711200000|  0%| F|  |TAMS 0x0000000711000000| PB 0x0000000711000000| Untracked |  0
|  95|0x0000000711200000, 0x0000000711200000, 0x0000000711400000|  0%| F|  |TAMS 0x0000000711200000| PB 0x0000000711200000| Untracked |  0
|  96|0x0000000711400000, 0x0000000711400000, 0x0000000711600000|  0%| F|  |TAMS 0x0000000711400000| PB 0x0000000711400000| Untracked |  0
|  97|0x0000000711600000, 0x0000000711600000, 0x0000000711800000|  0%| F|  |TAMS 0x0000000711600000| PB 0x0000000711600000| Untracked |  0
|  98|0x0000000711800000, 0x0000000711800000, 0x0000000711a00000|  0%| F|  |TAMS 0x0000000711800000| PB 0x0000000711800000| Untracked |  0
|  99|0x0000000711a00000, 0x0000000711a00000, 0x0000000711c00000|  0%| F|  |TAMS 0x0000000711a00000| PB 0x0000000711a00000| Untracked |  0
| 100|0x0000000711c00000, 0x0000000711c00000, 0x0000000711e00000|  0%| F|  |TAMS 0x0000000711c00000| PB 0x0000000711c00000| Untracked |  0
| 101|0x0000000711e00000, 0x0000000711e00000, 0x0000000712000000|  0%| F|  |TAMS 0x0000000711e00000| PB 0x0000000711e00000| Untracked |  0
| 102|0x0000000712000000, 0x0000000712000000, 0x0000000712200000|  0%| F|  |TAMS 0x0000000712000000| PB 0x0000000712000000| Untracked |  0
| 103|0x0000000712200000, 0x0000000712200000, 0x0000000712400000|  0%| F|  |TAMS 0x0000000712200000| PB 0x0000000712200000| Untracked |  0
| 104|0x0000000712400000, 0x0000000712400000, 0x0000000712600000|  0%| F|  |TAMS 0x0000000712400000| PB 0x0000000712400000| Untracked |  0
| 105|0x0000000712600000, 0x0000000712600000, 0x0000000712800000|  0%| F|  |TAMS 0x0000000712600000| PB 0x0000000712600000| Untracked |  0
| 106|0x0000000712800000, 0x0000000712800000, 0x0000000712a00000|  0%| F|  |TAMS 0x0000000712800000| PB 0x0000000712800000| Untracked |  0
| 107|0x0000000712a00000, 0x0000000712a00000, 0x0000000712c00000|  0%| F|  |TAMS 0x0000000712a00000| PB 0x0000000712a00000| Untracked |  0
| 108|0x0000000712c00000, 0x0000000712c00000, 0x0000000712e00000|  0%| F|  |TAMS 0x0000000712c00000| PB 0x0000000712c00000| Untracked |  0
| 109|0x0000000712e00000, 0x0000000712fec878, 0x0000000713000000| 96%| E|  |TAMS 0x0000000712e00000| PB 0x0000000712e00000| Complete |  0
| 110|0x0000000713000000, 0x0000000713200000, 0x0000000713200000|100%| E|CS|TAMS 0x0000000713000000| PB 0x0000000713000000| Complete |  0
| 111|0x0000000713200000, 0x0000000713400000, 0x0000000713400000|100%| E|CS|TAMS 0x0000000713200000| PB 0x0000000713200000| Complete |  0
| 112|0x0000000713400000, 0x0000000713600000, 0x0000000713600000|100%| E|CS|TAMS 0x0000000713400000| PB 0x0000000713400000| Complete |  0
| 113|0x0000000713600000, 0x0000000713800000, 0x0000000713800000|100%| E|CS|TAMS 0x0000000713600000| PB 0x0000000713600000| Complete |  0
| 114|0x0000000713800000, 0x0000000713a00000, 0x0000000713a00000|100%| E|CS|TAMS 0x0000000713800000| PB 0x0000000713800000| Complete |  0
| 115|0x0000000713a00000, 0x0000000713c00000, 0x0000000713c00000|100%| E|CS|TAMS 0x0000000713a00000| PB 0x0000000713a00000| Complete |  0
| 116|0x0000000713c00000, 0x0000000713e00000, 0x0000000713e00000|100%| E|CS|TAMS 0x0000000713c00000| PB 0x0000000713c00000| Complete |  0
| 117|0x0000000713e00000, 0x0000000714000000, 0x0000000714000000|100%| E|CS|TAMS 0x0000000713e00000| PB 0x0000000713e00000| Complete |  0
| 118|0x0000000714000000, 0x0000000714200000, 0x0000000714200000|100%| E|CS|TAMS 0x0000000714000000| PB 0x0000000714000000| Complete |  0
| 119|0x0000000714200000, 0x0000000714400000, 0x0000000714400000|100%| E|CS|TAMS 0x0000000714200000| PB 0x0000000714200000| Complete |  0
| 120|0x0000000714400000, 0x0000000714600000, 0x0000000714600000|100%| E|CS|TAMS 0x0000000714400000| PB 0x0000000714400000| Complete |  0
| 121|0x0000000714600000, 0x0000000714800000, 0x0000000714800000|100%| E|CS|TAMS 0x0000000714600000| PB 0x0000000714600000| Complete |  0
| 122|0x0000000714800000, 0x0000000714a00000, 0x0000000714a00000|100%| E|CS|TAMS 0x0000000714800000| PB 0x0000000714800000| Complete |  0
| 123|0x0000000714a00000, 0x0000000714c00000, 0x0000000714c00000|100%| E|CS|TAMS 0x0000000714a00000| PB 0x0000000714a00000| Complete |  0
| 124|0x0000000714c00000, 0x0000000714e00000, 0x0000000714e00000|100%| E|CS|TAMS 0x0000000714c00000| PB 0x0000000714c00000| Complete |  0
| 125|0x0000000714e00000, 0x0000000715000000, 0x0000000715000000|100%| E|CS|TAMS 0x0000000714e00000| PB 0x0000000714e00000| Complete |  0
|2005|0x00000007ffe00000, 0x00000007fff25608, 0x0000000800000000| 57%| O|  |TAMS 0x00000007ffe00000| PB 0x00000007ffe00000| Untracked |  0

Card table byte_map: [0x0000027fd7490000,0x0000027fd7c70000] _byte_map_base: 0x0000027fd3c66000

Marking Bits: (CMBitMap*) 0x0000027fbda75dd0
 Bits: [0x0000027fd7c70000, 0x0000027fdbb20000)

Polling page: 0x0000027fbbc70000

Metaspace:
Metaspace        used 7564K, committed 7808K, reserved 1114112K
 class space     used 661K, committed 768K, reserved 1048576K

Usage:
  Non-class:      6.74 MB used.
      Class:    661.52 KB used.
       Both:      7.39 MB used.

Virtual space:
  Non-class space:       64.00 MB reserved,       6.88 MB ( 11%) committed,  1 nodes.
      Class space:        1.00 GB reserved,     768.00 KB ( <1%) committed,  1 nodes.
             Both:        1.06 GB reserved,       7.62 MB ( <1%) committed. 

Chunk freelists:
   Non-Class:  8.92 MB
       Class:  15.20 MB
        Both:  24.13 MB

MaxMetaspaceSize: unlimited
CompressedClassSpaceSize: 1.00 GB
Initial GC threshold: 21.00 MB
Current GC threshold: 21.00 MB
CDS: on
 - commit_granule_bytes: 65536.
 - commit_granule_words: 8192.
 - virtual_space_node_default_size: 8388608.
 - enlarge_chunks_in_place: 1.
UseCompressedClassPointers 1, UseCompactObjectHeaders 0
Narrow klass pointer bits 32, Max shift 3
Narrow klass base: 0x0000000084000000, Narrow klass shift: 0
Encoding Range: [0x0000000084000000 - 0x0000000184000000), (4294967296 bytes)
Klass Range:    [0x0000000084010000 - 0x00000000c5000000), (1090453504 bytes)
Klass ID Range:  [65536 - 1090519033) (1090453497)
Protection zone: [0x0000000084000000 - 0x0000000084010000), (65536 bytes)


Internal statistics:

num_allocs_failed_limit: 0.
num_arena_births: 154.
num_arena_deaths: 0.
num_vsnodes_births: 2.
num_vsnodes_deaths: 0.
num_space_committed: 122.
num_space_uncommitted: 0.
num_chunks_returned_to_freelist: 0.
num_chunks_taken_from_freelist: 210.
num_chunk_merges: 0.
num_chunk_splits: 117.
num_chunks_enlarged: 35.
num_inconsistent_stats: 0.

CodeHeap 'non-profiled nmethods': size=119232Kb used=602Kb max_used=602Kb free=118629Kb
 bounds [0x0000027fcea60000, 0x0000027fcecd0000, 0x0000027fd5ed0000]
CodeHeap 'profiled nmethods': size=119104Kb used=2891Kb max_used=2891Kb free=116212Kb
 bounds [0x0000027fc6ed0000, 0x0000027fc71b0000, 0x0000027fce320000]
CodeHeap 'non-nmethods': size=7424Kb used=3081Kb max_used=3134Kb free=4342Kb
 bounds [0x0000027fce320000, 0x0000027fce640000, 0x0000027fcea60000]
CodeCache: size=245760Kb, used=6574Kb, max_used=6627Kb, free=239183Kb
 total_blobs=2619, nmethods=2095, adapters=424, full_count=0
Compilation: enabled, stopped_count=0, restarted_count=0

Compilation events (20 events):
Event: 0.568 Thread 0x0000027fe31c00e0 2017       3       jdk.internal.misc.Unsafe::putIntUnaligned (79 bytes)
Event: 0.568 Thread 0x0000027fdec47440 2018       4       java.lang.invoke.VarHandleByteArrayAsInts$ArrayHandle::index (12 bytes)
Event: 0.568 Thread 0x0000027fdec39450 nmethod 2016 0x0000027fc7185a88 code [0x0000027fc7185b80, 0x0000027fc7185db8]
Event: 0.568 Thread 0x0000027fbdb9ca90 nmethod 2015 0x0000027fc7185e08 code [0x0000027fc7185f00, 0x0000027fc7186390]
Event: 0.568 Thread 0x0000027fe31c00e0 nmethod 2017 0x0000027fc7186408 code [0x0000027fc7186500, 0x0000027fc71868d8]
Event: 0.568 Thread 0x0000027fe31c00e0 2019       1       java.lang.reflect.Constructor::getModifiers (5 bytes)
Event: 0.568 Thread 0x0000027fe31c00e0 nmethod 2019 0x0000027fceaf0408 code [0x0000027fceaf0500, 0x0000027fceaf05c8]
Event: 0.569 Thread 0x0000027fdec47440 nmethod 2018 0x0000027fceaf0708 code [0x0000027fceaf0800, 0x0000027fceaf08d0]
Event: 0.569 Thread 0x0000027fdeb6ea50 2020       3       java.lang.invoke.VarHandleByteArrayAsLongs$ArrayHandle::index (13 bytes)
Event: 0.569 Thread 0x0000027fdec39450 2021       3       jdk.internal.misc.Unsafe::convEndian (16 bytes)
Event: 0.569 Thread 0x0000027fe31c00e0 2022       3       java.lang.Long::reverseBytes (46 bytes)
Event: 0.569 Thread 0x0000027fe31c00e0 nmethod 2022 0x0000027fc7186908 code [0x0000027fc7186a00, 0x0000027fc7186b50]
Event: 0.569 Thread 0x0000027fdeb6ea50 nmethod 2020 0x0000027fc7186c08 code [0x0000027fc7186d00, 0x0000027fc7186e40]
Event: 0.569 Thread 0x0000027fdec39450 nmethod 2021 0x0000027fc7186f08 code [0x0000027fc7187000, 0x0000027fc7187160]
Event: 0.570 Thread 0x0000027fdeb6ea50 2023       3       java.lang.Module::canRead (86 bytes)
Event: 0.570 Thread 0x0000027fdec39450 2024       3       java.lang.Class$ReflectionData::<init> (10 bytes)
Event: 0.570 Thread 0x0000027fe31c00e0 2025       3       java.lang.Class$Atomic::casReflectionData (13 bytes)
Event: 0.570 Thread 0x0000027fdec39450 nmethod 2024 0x0000027fc7187208 code [0x0000027fc7187300, 0x0000027fc7187468]
Event: 0.571 Thread 0x0000027fe31c00e0 nmethod 2025 0x0000027fc7187508 code [0x0000027fc7187600, 0x0000027fc7187758]
Event: 0.571 Thread 0x0000027fdeb6ea50 nmethod 2023 0x0000027fc7187808 code [0x0000027fc7187900, 0x0000027fc7189660]

GC Heap Usage History (0 events):
No events

Metaspace Usage History (0 events):
No events

Dll operation events (11 events):
Event: 0.121 Loaded shared library C:\Program Files\Java\jdk-25\bin\java.dll
Event: 0.205 Loaded shared library C:\Program Files\Java\jdk-25\bin\zip.dll
Event: 0.207 Loaded shared library C:\Program Files\Java\jdk-25\bin\instrument.dll
Event: 0.210 Loaded shared library C:\Program Files\Java\jdk-25\bin\net.dll
Event: 0.211 Loaded shared library C:\Program Files\Java\jdk-25\bin\nio.dll
Event: 0.214 Loaded shared library C:\Program Files\Java\jdk-25\bin\zip.dll
Event: 0.226 Loaded shared library C:\Program Files\JetBrains\IntelliJ IDEA 2024.2.6\bin\breakgen64.dll
Event: 0.239 Loaded shared library C:\Program Files\Java\jdk-25\bin\extnet.dll
Event: 0.264 Loaded shared library C:\Program Files\Java\jdk-25\bin\jimage.dll
Event: 0.324 Loaded shared library C:\Program Files\Java\jdk-25\bin\management.dll
Event: 0.340 Loaded shared library C:\Program Files\Java\jdk-25\bin\management_ext.dll

Deoptimization events (20 events):
Event: 0.521 Thread 0x0000027fbdb879c0 Uncommon trap: trap_request=0xffffff45 fr.pc=0x0000027fcead88ec relative=0x000000000000036c
Event: 0.521 Thread 0x0000027fbdb879c0 Uncommon trap: reason=unstable_if action=reinterpret pc=0x0000027fcead88ec method=java.util.HashMap.getNode(Ljava/lang/Object;)Ljava/util/HashMap$Node; @ 66 c2
Event: 0.521 Thread 0x0000027fbdb879c0 DEOPT PACKING pc=0x0000027fcead88ec sp=0x000000d72e2fded0
Event: 0.521 Thread 0x0000027fbdb879c0 DEOPT UNPACKING pc=0x0000027fce441382 sp=0x000000d72e2fde10 mode 2
Event: 0.524 Thread 0x0000027fbdb879c0 Uncommon trap: trap_request=0xffffff45 fr.pc=0x0000027fceab25f4 relative=0x00000000000000f4
Event: 0.524 Thread 0x0000027fbdb879c0 Uncommon trap: reason=unstable_if action=reinterpret pc=0x0000027fceab25f4 method=java.lang.Long.valueOf(J)Ljava/lang/Long; @ 9 c2
Event: 0.524 Thread 0x0000027fbdb879c0 DEOPT PACKING pc=0x0000027fceab25f4 sp=0x000000d72e2feb80
Event: 0.524 Thread 0x0000027fbdb879c0 DEOPT UNPACKING pc=0x0000027fce441382 sp=0x000000d72e2feb18 mode 2
Event: 0.563 Thread 0x0000027fe549e320 Uncommon trap: trap_request=0xffffffc6 fr.pc=0x0000027fcea86b90 relative=0x0000000000001a90
Event: 0.563 Thread 0x0000027fe549e320 Uncommon trap: reason=bimorphic_or_optimized_type_check action=maybe_recompile pc=0x0000027fcea86b90 method=java.io.DataInputStream.readFully([BII)V @ 30 c2
Event: 0.563 Thread 0x0000027fe549e320 DEOPT PACKING pc=0x0000027fcea86b90 sp=0x000000d72f2fed40
Event: 0.563 Thread 0x0000027fe549e320 DEOPT UNPACKING pc=0x0000027fce441382 sp=0x000000d72f2fed68 mode 2
Event: 0.567 Thread 0x0000027fe549e320 Uncommon trap: trap_request=0xffffffc6 fr.pc=0x0000027fcea86b90 relative=0x0000000000001a90
Event: 0.567 Thread 0x0000027fe549e320 Uncommon trap: reason=bimorphic_or_optimized_type_check action=maybe_recompile pc=0x0000027fcea86b90 method=java.io.DataInputStream.readFully([BII)V @ 30 c2
Event: 0.567 Thread 0x0000027fe549e320 DEOPT PACKING pc=0x0000027fcea86b90 sp=0x000000d72f2feb80
Event: 0.567 Thread 0x0000027fe549e320 DEOPT UNPACKING pc=0x0000027fce441382 sp=0x000000d72f2feba8 mode 2
Event: 0.571 Thread 0x0000027fe549e320 Uncommon trap: trap_request=0xffffffc6 fr.pc=0x0000027fcea86b90 relative=0x0000000000001a90
Event: 0.571 Thread 0x0000027fe549e320 Uncommon trap: reason=bimorphic_or_optimized_type_check action=maybe_recompile pc=0x0000027fcea86b90 method=java.io.DataInputStream.readFully([BII)V @ 30 c2
Event: 0.571 Thread 0x0000027fe549e320 DEOPT PACKING pc=0x0000027fcea86b90 sp=0x000000d72f2fed40
Event: 0.572 Thread 0x0000027fe549e320 DEOPT UNPACKING pc=0x0000027fce441382 sp=0x000000d72f2fed68 mode 2

Classes loaded (20 events):
Event: 0.569 Loading class java/util/concurrent/Executors
Event: 0.570 Loading class java/util/concurrent/Executors done
Event: 0.570 Loading class java/util/concurrent/Executors$RunnableAdapter
Event: 0.570 Loading class java/util/concurrent/Executors$RunnableAdapter done
Event: 0.570 Loading class sun/rmi/transport/SequenceEntry
Event: 0.570 Loading class sun/rmi/transport/SequenceEntry done
Event: 0.570 Loading class java/util/concurrent/locks/AbstractQueuedSynchronizer$ExclusiveNode
Event: 0.570 Loading class java/util/concurrent/locks/AbstractQueuedSynchronizer$Node
Event: 0.570 Loading class java/util/concurrent/locks/AbstractQueuedSynchronizer$Node done
Event: 0.570 Loading class java/util/concurrent/locks/AbstractQueuedSynchronizer$ExclusiveNode done
Event: 0.570 Loading class java/io/ObjectStreamClass$MemberSignature
Event: 0.570 Loading class java/util/concurrent/locks/AbstractQueuedSynchronizer$ConditionNode
Event: 0.570 Loading class java/io/ObjectStreamClass$MemberSignature done
Event: 0.570 Loading class java/io/ObjectStreamClass$1
Event: 0.570 Loading class java/util/concurrent/locks/AbstractQueuedSynchronizer$ConditionNode done
Event: 0.570 Loading class java/io/ObjectStreamClass$1 done
Event: 0.571 Loading class java/io/ObjectStreamClass$2
Event: 0.571 Loading class java/io/ObjectStreamClass$2 done
Event: 0.571 Loading class java/io/ObjectStreamClass$3
Event: 0.571 Loading class java/io/ObjectStreamClass$3 done

Classes unloaded (0 events):
No events

Classes redefined (0 events):
No events

Internal exceptions (20 events):
Event: 0.315 Thread 0x0000027fbda0c500 Exception <a 'java/lang/NoSuchMethodError'{0x00000007145a7ca0}: 'java.lang.Object java.lang.invoke.DirectMethodHandle$Holder.invokeStatic(java.lang.Object, int, java.lang.Object)'> (0x00000007145a7ca0) 
thrown [s\open\src\hotspot\share\interpreter\linkResolver.cpp, line 804]
Event: 0.323 Thread 0x0000027fbda0c500 Exception <a 'java/lang/NoSuchMethodError'{0x00000007145bb748}: 'void java.lang.invoke.DirectMethodHandle$Holder.invokeStaticInit(java.lang.Object)'> (0x00000007145bb748) 
thrown [s\open\src\hotspot\share\interpreter\linkResolver.cpp, line 804]
Event: 0.337 Thread 0x0000027fbda0c500 Exception <a 'java/lang/NoSuchMethodError'{0x0000000714231688}: 'void java.lang.invoke.DirectMethodHandle$Holder.invokeSpecial(java.lang.Object, java.lang.Object, java.lang.Object)'> (0x0000000714231688) 
thrown [s\open\src\hotspot\share\interpreter\linkResolver.cpp, line 804]
Event: 0.343 Thread 0x0000027fbdb879c0 Exception <a 'java/lang/NoSuchMethodError'{0x00000007149af508}: 'int java.lang.invoke.DirectMethodHandle$Holder.invokeInterface(java.lang.Object, java.lang.Object)'> (0x00000007149af508) 
thrown [s\open\src\hotspot\share\interpreter\linkResolver.cpp, line 804]
Event: 0.344 Thread 0x0000027fbdb879c0 Exception <a 'java/lang/IncompatibleClassChangeError'{0x00000007149b71c0}: Found class java.lang.Object, but interface was expected> (0x00000007149b71c0) 
thrown [s\open\src\hotspot\share\interpreter\linkResolver.cpp, line 871]
Event: 0.349 Thread 0x0000027fbda0c500 Exception <a 'java/lang/NoSuchMethodError'{0x0000000714298b98}: 'java.lang.Object java.lang.invoke.DirectMethodHandle$Holder.newInvokeSpecial(java.lang.Object, java.lang.Object, java.lang.Object, java.lang.Object, java.lang.Object)'> (0x0000000714298b98) 
thrown [s\open\src\hotspot\share\interpreter\linkResolver.cpp, line 804]
Event: 0.388 Thread 0x0000027fbda0c500 Exception <a 'java/lang/NoSuchMethodError'{0x0000000714129ee8}: 'long java.lang.invoke.DirectMethodHandle$Holder.invokeVirtual(java.lang.Object, java.lang.Object)'> (0x0000000714129ee8) 
thrown [s\open\src\hotspot\share\interpreter\linkResolver.cpp, line 804]
Event: 0.389 Thread 0x0000027fbda0c500 Exception <a 'java/lang/NoSuchMethodError'{0x0000000714139100}: 'int java.lang.invoke.DirectMethodHandle$Holder.invokeStatic(java.lang.Object, java.lang.Object, java.lang.Object, java.lang.Object)'> (0x0000000714139100) 
thrown [s\open\src\hotspot\share\interpreter\linkResolver.cpp, line 804]
Event: 0.486 Thread 0x0000027fbda0c500 Exception <a 'java/lang/NoSuchMethodError'{0x0000000713958308}: 'void java.lang.invoke.DirectMethodHandle$Holder.invokeSpecial(java.lang.Object, java.lang.Object, int)'> (0x0000000713958308) 
thrown [s\open\src\hotspot\share\interpreter\linkResolver.cpp, line 804]
Event: 0.487 Thread 0x0000027fbda0c500 Exception <a 'java/lang/NoSuchMethodError'{0x000000071395ff60}: 'void java.lang.invoke.Invokers$Holder.invokeExact_MT(java.lang.Object, int, java.lang.Object)'> (0x000000071395ff60) 
thrown [s\open\src\hotspot\share\interpreter\linkResolver.cpp, line 804]
Event: 0.489 Thread 0x0000027fe53659c0 Exception <a 'java/lang/NoSuchMethodError'{0x00000007136f6fd0}: 'long java.lang.invoke.DirectMethodHandle$Holder.invokeSpecial(java.lang.Object, java.lang.Object)'> (0x00000007136f6fd0) 
thrown [s\open\src\hotspot\share\interpreter\linkResolver.cpp, line 804]
Event: 0.491 Thread 0x0000027fbdb879c0 Exception <a 'java/lang/NoSuchMethodError'{0x00000007136399c8}: 'java.lang.Object java.lang.invoke.DirectMethodHandle$Holder.invokeStaticInit(java.lang.Object, int, int, int, int)'> (0x00000007136399c8) 
thrown [s\open\src\hotspot\share\interpreter\linkResolver.cpp, line 804]
Event: 0.492 Thread 0x0000027fbda0c500 Exception <a 'sun/nio/fs/WindowsException'{0x0000000713987b10}> (0x0000000713987b10) 
thrown [s\open\src\hotspot\share\prims\jni.cpp, line 516]
Event: 0.493 Thread 0x0000027fbda0c500 Exception <a 'sun/nio/fs/WindowsException'{0x000000071398d3b0}> (0x000000071398d3b0) 
thrown [s\open\src\hotspot\share\prims\jni.cpp, line 516]
Event: 0.495 Thread 0x0000027fbda0c500 Exception <a 'sun/nio/fs/WindowsException'{0x000000071398fcd0}> (0x000000071398fcd0) 
thrown [s\open\src\hotspot\share\prims\jni.cpp, line 516]
Event: 0.506 Thread 0x0000027fbdb879c0 Exception <a 'java/lang/NoSuchMethodError'{0x0000000713687fb8}: 'java.lang.Object java.lang.invoke.DirectMethodHandle$Holder.invokeStaticInit(java.lang.Object, java.lang.Object, int, int, int, int)'> (0x0000000713687fb8) 
thrown [s\open\src\hotspot\share\interpreter\linkResolver.cpp, line 804]
Event: 0.519 Thread 0x0000027fbdb879c0 Exception <a 'java/lang/ClassNotFoundException'{0x000000071369e9d0}: javax/management/remote/rmi/RMIServerImpl_Skel> (0x000000071369e9d0) 
thrown [s\open\src\hotspot\share\classfile\systemDictionary.cpp, line 327]
Event: 0.526 Thread 0x0000027fbdb879c0 Exception <a 'java/lang/NoSuchMethodError'{0x00000007136b0170}: 'long java.lang.invoke.Invokers$Holder.invokeExact_MT(java.lang.Object, java.lang.Object)'> (0x00000007136b0170) 
thrown [s\open\src\hotspot\share\interpreter\linkResolver.cpp, line 804]
Event: 0.571 Thread 0x0000027fe549e320 Exception <a 'java/lang/NoSuchMethodError'{0x0000000713034128}: static [B.<clinit>()V> (0x0000000713034128) 
thrown [s\open\src\hotspot\share\prims\jni.cpp, line 1106]
Event: 0.572 Thread 0x0000027fe549e320 Exception <a 'java/lang/NoSuchMethodError'{0x0000000713035a88}: 'java.lang.Object java.lang.invoke.DirectMethodHandle$Holder.invokeInterface(java.lang.Object, java.lang.Object, java.lang.Object)'> (0x0000000713035a88) 
thrown [s\open\src\hotspot\share\interpreter\linkResolver.cpp, line 804]

VM Operations (14 events):
Event: 0.247 Executing non-safepoint VM operation: HandshakeAllThreads (Deoptimize)
Event: 0.247 Executing non-safepoint VM operation: HandshakeAllThreads (Deoptimize) done
Event: 0.270 Executing non-safepoint VM operation: HandshakeAllThreads (Deoptimize)
Event: 0.270 Executing non-safepoint VM operation: HandshakeAllThreads (Deoptimize) done
Event: 0.349 Executing non-safepoint VM operation: HandshakeAllThreads (Deoptimize)
Event: 0.349 Executing non-safepoint VM operation: HandshakeAllThreads (Deoptimize) done
Event: 0.482 Executing non-safepoint VM operation: HandshakeAllThreads (Deoptimize)
Event: 0.482 Executing non-safepoint VM operation: HandshakeAllThreads (Deoptimize) done
Event: 0.490 Executing non-safepoint VM operation: HandshakeAllThreads (Deoptimize)
Event: 0.490 Executing non-safepoint VM operation: HandshakeAllThreads (Deoptimize) done
Event: 0.490 Executing non-safepoint VM operation: HandshakeAllThreads (Deoptimize)
Event: 0.490 Executing non-safepoint VM operation: HandshakeAllThreads (Deoptimize) done
Event: 0.517 Executing safepoint VM operation: JFRSafepointClear
Event: 0.517 Executing safepoint VM operation: JFRSafepointClear done

Memory protections (0 events):
No events

Nmethod flushes (0 events):
No events

Events (20 events):
Event: 0.144 Thread 0x0000027fbda0c500 Thread added: 0x0000027fbdb80ec0
Event: 0.144 Thread 0x0000027fbda0c500 Thread added: 0x0000027fbdb86570
Event: 0.144 Thread 0x0000027fbda0c500 Thread added: 0x0000027fbdb879c0
Event: 0.144 Thread 0x0000027fbda0c500 Thread added: 0x0000027fbdb8b6e0
Event: 0.144 Thread 0x0000027fbda0c500 Thread added: 0x0000027fdeab4f60
Event: 0.144 Thread 0x0000027fbda0c500 Thread added: 0x0000027fbdb9a880
Event: 0.144 Thread 0x0000027fbda0c500 Thread added: 0x0000027fbdb9ca90
Event: 0.184 Thread 0x0000027fbdb9ca90 Thread added: 0x0000027fdeb6ea50
Event: 0.196 Thread 0x0000027fdeb6ea50 Thread added: 0x0000027fdec39450
Event: 0.201 Thread 0x0000027fdeb6ea50 Thread added: 0x0000027fdec47440
Event: 0.208 Thread 0x0000027fbda0c500 Thread added: 0x0000027fded184c0
Event: 0.226 Thread 0x0000027fbda0c500 Thread added: 0x0000027fdecec540
Event: 0.248 Thread 0x0000027fbdb9ca90 Thread added: 0x0000027fe31c00e0
Event: 0.272 Thread 0x0000027fbdb9ca90 Thread added: 0x0000027fe331e620
Event: 0.272 Thread 0x0000027fbdb9ca90 Thread added: 0x0000027fe331cdf0
Event: 0.320 Thread 0x0000027fbda0c500 Thread added: 0x0000027fe34680d0
Event: 0.488 Thread 0x0000027fbda0c500 Thread added: 0x0000027fe53659c0
Event: 0.524 Thread 0x0000027fbdb879c0 Thread added: 0x0000027fe54c7690
Event: 0.554 Thread 0x0000027fe54c7690 Thread added: 0x0000027fe549e320
Event: 0.570 Thread 0x0000027fe549e320 Thread added: 0x0000027fe542ba20


Dynamic libraries:
0x00007ff691bc0000 - 0x00007ff691bd0000 	C:\Program Files\Java\jdk-25\bin\java.exe
0x00007ffe960e0000 - 0x00007ffe96347000 	C:\Windows\SYSTEM32\ntdll.dll
0x00007ffe952f0000 - 0x00007ffe953b9000 	C:\Windows\System32\KERNEL32.DLL
0x00007ffe93750000 - 0x00007ffe93b3f000 	C:\Windows\System32\KERNELBASE.dll
0x00007ffe93d30000 - 0x00007ffe93e7b000 	C:\Windows\System32\ucrtbase.dll
0x00007ffe8dd50000 - 0x00007ffe8dd6e000 	C:\Program Files\Java\jdk-25\bin\VCRUNTIME140.dll
0x00007ffe8dd70000 - 0x00007ffe8dd87000 	C:\Program Files\Java\jdk-25\bin\jli.dll
0x00007ffe94850000 - 0x00007ffe94a15000 	C:\Windows\System32\USER32.dll
0x00007ffe935b0000 - 0x00007ffe935d7000 	C:\Windows\System32\win32u.dll
0x00007ffe95bd0000 - 0x00007ffe95bfb000 	C:\Windows\System32\GDI32.dll
0x00007ffe76830000 - 0x00007ffe76ac3000 	C:\Windows\WinSxS\amd64_microsoft.windows.common-controls_6595b64144ccf1df_6.0.26100.7309_none_3e05feeae336a044\COMCTL32.dll
0x00007ffe93c00000 - 0x00007ffe93d2c000 	C:\Windows\System32\gdi32full.dll
0x00007ffe95b20000 - 0x00007ffe95bc9000 	C:\Windows\System32\msvcrt.dll
0x00007ffe93230000 - 0x00007ffe932d3000 	C:\Windows\System32\msvcp_win.dll
0x00007ffe94750000 - 0x00007ffe94781000 	C:\Windows\System32\IMM32.DLL
0x00007ffe8dd40000 - 0x00007ffe8dd4c000 	C:\Program Files\Java\jdk-25\bin\vcruntime140_1.dll
0x00007ffe88d20000 - 0x00007ffe88dad000 	C:\Program Files\Java\jdk-25\bin\msvcp140.dll
0x00007ffe06160000 - 0x00007ffe06fbf000 	C:\Program Files\Java\jdk-25\bin\server\jvm.dll
0x00007ffe94070000 - 0x00007ffe94124000 	C:\Windows\System32\ADVAPI32.dll
0x00007ffe947a0000 - 0x00007ffe94846000 	C:\Windows\System32\sechost.dll
0x00007ffe941b0000 - 0x00007ffe942c8000 	C:\Windows\System32\RPCRT4.dll
0x00007ffe94530000 - 0x00007ffe945a4000 	C:\Windows\System32\WS2_32.dll
0x00007ffe8a9f0000 - 0x00007ffe8aa25000 	C:\Windows\SYSTEM32\WINMM.dll
0x00007ffe91e10000 - 0x00007ffe91e6e000 	C:\Windows\SYSTEM32\POWRPROF.dll
0x00007ffe8ba10000 - 0x00007ffe8ba1b000 	C:\Windows\SYSTEM32\VERSION.dll
0x00007ffe91df0000 - 0x00007ffe91e04000 	C:\Windows\SYSTEM32\UMPDC.dll
0x00007ffe920d0000 - 0x00007ffe920eb000 	C:\Windows\SYSTEM32\kernel.appcore.dll
0x00007ffe8a6c0000 - 0x00007ffe8a6ca000 	C:\Program Files\Java\jdk-25\bin\jimage.dll
0x00007ffe90800000 - 0x00007ffe90a42000 	C:\Windows\SYSTEM32\DBGHELP.DLL
0x00007ffe95c00000 - 0x00007ffe95f86000 	C:\Windows\System32\combase.dll
0x00007ffe93f90000 - 0x00007ffe94066000 	C:\Windows\System32\OLEAUT32.dll
0x00007ffe71280000 - 0x00007ffe712bc000 	C:\Windows\SYSTEM32\dbgcore.DLL
0x00007ffe93b50000 - 0x00007ffe93bf5000 	C:\Windows\System32\bcryptPrimitives.dll
0x00007ffe82a30000 - 0x00007ffe82a40000 	C:\Program Files\Java\jdk-25\bin\instrument.dll
0x00007ffe8a6a0000 - 0x00007ffe8a6bf000 	C:\Program Files\Java\jdk-25\bin\java.dll
0x00007ffe945b0000 - 0x00007ffe94747000 	C:\Windows\System32\ole32.dll
0x00007ffe94b30000 - 0x00007ffe95283000 	C:\Windows\System32\SHELL32.dll
0x00007ffe935e0000 - 0x00007ffe9374a000 	C:\Windows\System32\wintypes.dll
0x00007ffe64560000 - 0x00007ffe64759000 	C:\Users\anton\AppData\Local\Temp\idea_libasyncProfiler_dll_temp_folder\libasyncProfiler.dll
0x00007ffe90df0000 - 0x00007ffe9164e000 	C:\Windows\SYSTEM32\windows.storage.dll
0x00007ffe93e90000 - 0x00007ffe93f85000 	C:\Windows\System32\SHCORE.dll
0x00007ffe944c0000 - 0x00007ffe94526000 	C:\Windows\System32\shlwapi.dll
0x00007ffe93150000 - 0x00007ffe93179000 	C:\Windows\SYSTEM32\profapi.dll
0x00007ffe8a380000 - 0x00007ffe8a397000 	C:\Program Files\Java\jdk-25\bin\zip.dll
0x00007ffe8a680000 - 0x00007ffe8a692000 	C:\Program Files\Java\jdk-25\bin\net.dll
0x00007ffe92630000 - 0x00007ffe9269b000 	C:\Windows\system32\mswsock.dll
0x00007ffe8a660000 - 0x00007ffe8a676000 	C:\Program Files\Java\jdk-25\bin\nio.dll
0x00007ffe7aed0000 - 0x00007ffe7aeea000 	C:\Program Files\JetBrains\IntelliJ IDEA 2024.2.6\bin\breakgen64.dll
0x00007ffe8a650000 - 0x00007ffe8a659000 	C:\Program Files\Java\jdk-25\bin\extnet.dll
0x00007ffe91ba0000 - 0x00007ffe91ccc000 	C:\Windows\SYSTEM32\DNSAPI.dll
0x00007ffe91ac0000 - 0x00007ffe91af4000 	C:\Windows\SYSTEM32\IPHLPAPI.DLL
0x00007ffe94b20000 - 0x00007ffe94b2a000 	C:\Windows\System32\NSI.dll
0x00007ffe8a9a0000 - 0x00007ffe8a9ab000 	C:\Windows\System32\rasadhlp.dll
0x00007ffe8d2d0000 - 0x00007ffe8d356000 	C:\Windows\System32\fwpuclnt.dll
0x00007ffe7aec0000 - 0x00007ffe7aeca000 	C:\Program Files\Java\jdk-25\bin\management.dll
0x00007ffe7ae80000 - 0x00007ffe7ae8c000 	C:\Program Files\Java\jdk-25\bin\management_ext.dll
0x00007ffe94790000 - 0x00007ffe94798000 	C:\Windows\System32\PSAPI.DLL
0x00007ffe92920000 - 0x00007ffe9293b000 	C:\Windows\SYSTEM32\CRYPTSP.dll
0x00007ffe92030000 - 0x00007ffe9206a000 	C:\Windows\system32\rsaenh.dll
0x00007ffe92700000 - 0x00007ffe9272b000 	C:\Windows\SYSTEM32\USERENV.dll
0x00007ffe93120000 - 0x00007ffe9314a000 	C:\Windows\SYSTEM32\bcrypt.dll
0x00007ffe92910000 - 0x00007ffe9291c000 	C:\Windows\SYSTEM32\CRYPTBASE.dll
0x00007ffe678f0000 - 0x00007ffe67908000 	C:\Windows\system32\napinsp.dll
0x00007ffe678d0000 - 0x00007ffe678e2000 	C:\Windows\System32\winrnr.dll
0x00007ffe66de0000 - 0x00007ffe66e02000 	C:\Windows\system32\nlansp_c.dll
0x00007ffe65b00000 - 0x00007ffe65b16000 	C:\Windows\system32\wshbth.dll
0x00007ffe77f80000 - 0x00007ffe77fd6000 	C:\Windows\SYSTEM32\pdh.dll

JVMTI agents:
C:\Program Files\JetBrains\IntelliJ IDEA 2024.2.6\lib\idea_rt.jar path:C:\Program Files\Java\jdk-25\bin\instrument.dll, loaded, initialized, instrumentlib options:60491:C:\Program Files\JetBrains\IntelliJ IDEA 2024.2.6\bin
C:\Users\anton\AppData\Local\Temp\idea_libasyncProfiler_dll_temp_folder\libasyncProfiler.dll path:C:\Users\anton\AppData\Local\Temp\idea_libasyncProfiler_dll_temp_folder\libasyncProfiler.dll, loaded, initialized, options:start,jfr,event=wall,interval=10ms,jfrsync=profile,cstack=no,file=C:\Users\anton\IdeaSnapshots\application_gestioneutente_in_Valiant_Systems_2026_01_27_173029.jfr,dbghelppath=C:\Users\anton\AppData\Local\Temp\idea_dbghelp_dll_temp_folder\dbghelp.dll,log=C:\Users\anton\AppData\Local\Temp\application_gestioneutente_in_Valiant_Systems_2026_01_27_173029.jfr.log.txt,logLevel=DEBUG

dbghelp: loaded successfully - version: 4.0.5 - missing functions: none
symbol engine: initialized successfully - sym options: 0x614 - pdb path: .;C:\Program Files\Java\jdk-25\bin;C:\Windows\SYSTEM32;C:\Windows\WinSxS\amd64_microsoft.windows.common-controls_6595b64144ccf1df_6.0.26100.7309_none_3e05feeae336a044;C:\Program Files\Java\jdk-25\bin\server;C:\Users\anton\AppData\Local\Temp\idea_libasyncProfiler_dll_temp_folder;C:\Program Files\JetBrains\IntelliJ IDEA 2024.2.6\bin

VM Arguments:
jvm_args: -ea -Didea.test.cyclic.buffer.size=1048576 -javaagent:C:\Program Files\JetBrains\IntelliJ IDEA 2024.2.6\lib\idea_rt.jar=60491:C:\Program Files\JetBrains\IntelliJ IDEA 2024.2.6\bin -agentpath:C:\Users\anton\AppData\Local\Temp\idea_libasyncProfiler_dll_temp_folder\libasyncProfiler.dll=start,jfr,event=wall,interval=10ms,jfrsync=profile,cstack=no,file=C:\Users\anton\IdeaSnapshots\application_gestioneutente_in_Valiant_Systems_2026_01_27_173029.jfr,dbghelppath=C:\Users\anton\AppData\Local\Temp\idea_dbghelp_dll_temp_folder\dbghelp.dll,log=C:\Users\anton\AppData\Local\Temp\application_gestioneutente_in_Valiant_Systems_2026_01_27_173029.jfr.log.txt,logLevel=DEBUG -Dfile.encoding=UTF-8 -Dsun.stdout.encoding=UTF-8 -Dsun.stderr.encoding=UTF-8 
java_command: com.intellij.rt.junit.JUnitStarter -ideVersion5 -junit5 @w@C:\Users\anton\AppData\Local\Temp\idea_working_dirs_junit.tmp @C:\Users\anton\AppData\Local\Temp\idea_junit.tmp -socket60490
java_class_path (initial): C:\Users\anton\.m2\repository\org\junit\platform\junit-platform-launcher\1.11.0-M2\junit-platform-launcher-1.11.0-M2.jar;C:\Users\anton\.m2\repository\org\junit\vintage\junit-vintage-engine\5.11.0-M2\junit-vintage-engine-5.11.0-M2.jar;C:\Program Files\JetBrains\IntelliJ IDEA 2024.2.6\lib\idea_rt.jar;C:\Program Files\JetBrains\IntelliJ IDEA 2024.2.6\plugins\junit\lib\junit5-rt.jar;C:\Program Files\JetBrains\IntelliJ IDEA 2024.2.6\plugins\junit\lib\junit-rt.jar;C:\Users\anton\Desktop\Valiant Systems\progetto-web\target\test-classes;C:\Users\anton\Desktop\Valiant Systems\progetto-web\target\classes;C:\Users\anton\.m2\repository\com\google\code\gson\gson\2.13.1\gson-2.13.1.jar;C:\Users\anton\.m2\repository\com\google\errorprone\error_prone_annotations\2.38.0\error_prone_annotations-2.38.0.jar;C:\Users\anton\.m2\repository\org\glassfish\web\jakarta.servlet.jsp.jstl\2.0.0\jakarta.servlet.jsp.jstl-2.0.0.jar;C:\Users\anton\.m2\repository\jakarta\servlet\jsp\jstl\jakarta.servlet.jsp.jstl-api\2.0.0\jakarta.servlet.jsp.jstl-api-2.0.0.jar;C:\Users\anton\.m2\repository\jakarta\el\jakarta.el-api\4.0.0\jakarta.el-api-4.0.0.jar;C:\Users\anton\.m2\repository\com\mysql\mysql-connector-j\9.2.0\mysql-connector-j-9.2.0.jar;C:\Users\anton\.m2\repository\com\google\protobuf\protobuf-java\4.29.0\protobuf-java-4.29.0.jar;C:\Users\anton\.m2\repository\org\apache\tomcat\tomcat-jdbc\11.0.5\tomcat-jdbc-11.0.5.jar;C:\Users\anton\.m2\repository\org\apache\tomcat\tomcat-juli\11.0.5\tomcat-juli-11.0.5.jar;C:\Users\anton\.m2\repository\jakarta\servlet\jakarta.servlet-api\6.1.0\jakarta.servlet-api-6.1.0.jar;C:\Users\anton\.m2\repository\org\glassfish\jersey\containers\jersey-container-servlet\4.0.0-M1\jersey-container-servlet-4.0.0-M1.jar;C:\Users\anton\.m2\repository\org\glassfish\jersey\containers\jersey-container-servlet-core\4.0.0-M1\jersey-container-servlet-core-4.0.0-M1.jar;C:\Users\anton\.m2\repository\jakarta\inject\jakarta.inject-api\2.0.1\jakarta.inject-api-2.0.1.jar;C:\Users\anton\.m2\repository\org\glassfish\jersey\core\jersey-common\4.0.0-M1\jersey-common-4.0.0-M1.jar;C:\Users\anton\.m2\repository\jakarta\annotation\jakarta.annotation-api\3.0.0-M1\jakarta.annotation-api-3.0.0-M1.jar;C:\Users\anton\.m2\repository\org\glassfish\hk2\osgi-resource-locator\1.0.3\osgi-resource-locator-1.0.3.jar;C:\Users\anton\.m2\repository\org\glassfish\jersey\core\jersey-server\4.0.0-M1\jersey-server-4.0.0-M1.jar;C:\Users\anton\.m2\repository\org\glassfish\jersey\core\jersey-client\4.0.0-M1\jersey-client-4.0.0-M1.jar;C:\Users\anton\.m2\repository\jakarta\validation\jakarta.validation-api\3.1.0-M1\jakarta.validation-api-3.1.0-M1.jar;C:\Users\anton\.m2\repository\jakarta\ws\rs\jakarta.ws.rs-api\3.1.0\jakarta.ws.rs-api-3.1.0.jar;C:\Users\anton\.m2\repository\org\glassfish\jersey\media\jersey-media-json-jackson\4.0.0-M1\jersey-media-json-jackson-4.0.0-M1.jar;C:\Users\anton\.m2\repository\org\glassfish\jersey\ext\jersey-entity-filtering\4.0.0-M1\jersey-entity-filtering-4.0.0-M1.jar;C:\Users\anton\.m2\repository\com\fasterxml\jackson\core\jackson-annotations\2.16.1\jackson-annotations-2.16.1.jar;C:\Users\anton\.m2\repository\com\fasterxml\jackson\core\jackson-databind\2.16.1\jackson-databind-2.16.1.jar;C:\Users\anton\.m2\repository\com\fasterxml\jackson\core\jackson-core\2.16.1\jackson-core-2.16.1.jar;C:\Users\anton\.m2\repository\com\fasterxml\jackson\module\jackson-module-jakarta-xmlbind-annotations\2.16.1\jackson-module-jakarta-xmlbind-annotations-2.16.1.jar;C:\Users\anton\.m2\repository\jakarta\xml\bind\jakarta.xml.bind-api\4.0.1\jakarta.xml.bind-api-4.0.1.jar;C:\Users\anton\.m2\repository\org\glassfish\jersey\inject\jersey-cdi2-se\4.0.0-M1\jersey-cdi2-se-4.0.0-M1.jar;C:\Users\anton\.m2\repository\org\jboss\logging\jboss-logging\3.5.3.Final\jboss-logging-3.5.3.Final.jar;C:\Users\anton\.m2\repository\jakarta\enterprise\jakarta.enterprise.cdi-api\4.1.0.RC1\jakarta.enterprise.cdi-api-4.1.0.RC1.jar;C:\Users\anton\.m2\repository\jakarta\enterprise\jakarta.enterprise.lang-model\4.1.0.RC1\jakarta.enterprise.lang-model-4.1.0.RC1.jar;C:\Users\anton\.m2\repository\jakarta\interceptor\jakarta.interceptor-api\2.2.0-M1\jakarta.interceptor-api-2.2.0-M1.jar;C:\Users\anton\.m2\repository\org\jboss\weld\se\weld-se-core\6.0.0.Beta1\weld-se-core-6.0.0.Beta1.jar;C:\Users\anton\.m2\repository\org\jboss\weld\environment\weld-environment-common\6.0.0.Beta1\weld-environment-common-6.0.0.Beta1.jar;C:\Users\anton\.m2\repository\org\jboss\weld\weld-core-impl\6.0.0.Beta1\weld-core-impl-6.0.0.Beta1.jar;C:\Users\anton\.m2\repository\org\jboss\weld\weld-api\6.0.Beta2\weld-api-6.0.Beta2.jar;C:\Users\anton\.m2\repository\jakarta\enterprise\jakarta.enterprise.cdi-el-api\4.1.0.Beta1\jakarta.enterprise.cdi-el-api-4.1.0.Beta1.jar;C:\Users\anton\.m2\repository\org\jboss\weld\weld-spi\6.0.Beta2\weld-spi-6.0.Beta2.jar;C:\Users\anton\.m2\repository\org\jboss\weld\weld-lite-extension-translator\6.0.0.Beta1\weld-lite-extension-translator-6.0.0.Beta1.jar;C:\Users\anton\.m2\repository\org\jboss\logging\jboss-logging-processor\2.2.1.Final\jboss-logging-processor-2.2.1.Final.jar;C:\Users\anton\.m2\repository\org\jboss\logging\jboss-logging-annotations\2.2.1.Final\jboss-logging-annotations-2.2.1.Final.jar;C:\Users\anton\.m2\repository\org\jboss\jdeparser\jdeparser\2.0.3.Final\jdeparser-2.0.3.Final.jar;C:\Users\anton\.m2\repository\org\jboss\classfilewriter\jboss-classfilewriter\1.3.0.Final\jboss-classfilewriter-1.3.0.Final.jar;C:\Users\anton\.m2\repository\org\junit\jupiter\junit-jupiter-api\5.11.0-M2\junit-jupiter-api-5.11.0-M2.jar;C:\Users\anton\.m2\repository\org\opentest4j\opentest4j\1.3.0\opentest4j-1.3.0.jar;C:\Users\anton\.m2\repository\org\junit\platform\junit-platform-commons\1.11.0-M2\junit-platform-commons-1.11.0-M2.jar;C:\Users\anton\.m2\repository\org\apiguardian\apiguardian-api\1.1.2\apiguardian-api-1.1.2.jar;C:\Users\anton\.m2\repository\org\junit\jupiter\junit-jupiter-engine\5.11.0-M2\junit-jupiter-engine-5.11.0-M2.jar;C:\Users\anton\.m2\repository\org\junit\platform\junit-platform-engine\1.11.0-M2\junit-platform-engine-1.11.0-M2.jar;C:\Users\anton\.m2\repository\org\jacoco\jacoco-maven-plugin\0.8.8\jacoco-maven-plugin-0.8.8.jar;C:\Users\anton\.m2\repository\org\codehaus\plexus\plexus-utils\3.0.22\plexus-utils-3.0.22.jar;C:\Users\anton\.m2\repository\org\apache\maven\shared\file-management\1.2.1\file-management-1.2.1.jar;C:\Users\anton\.m2\repository\org\apache\maven\maven-plugin-api\2.0.6\maven-plugin-api-2.0.6.jar;C:\Users\anton\.m2\repository\org\apache\maven\shared\maven-shared-io\1.1\maven-shared-io-1.1.jar;C:\Users\anton\.m2\repository\org\apache\maven\maven-artifact\2.0.2\maven-artifact-2.0.2.jar;C:\Users\anton\.m2\repository\org\apache\maven\maven-artifact-manager\2.0.2\maven-artifact-manager-2.0.2.jar;C:\Users\anton\.m2\repository\org\apache\maven\maven-repository-metadata\2.0.2\maven-repository-metadata-2.0.2.jar;C:\Users\anton\.m2\repository\org\apache\maven\wagon\wagon-provider-api\1.0-alpha-6\wagon-provider-api-1.0-alpha-6.jar;C:\Users\anton\.m2\repository\org\codehaus\plexus\plexus-container-default\1.0-alpha-9\plexus-container-default-1.0-alpha-9.jar;C:\Users\anton\.m2\repository\classworlds\classworlds\1.1-alpha-2\classworlds-1.1-alpha-2.jar;C:\Users\anton\.m2\repository\org\apache\maven\reporting\maven-reporting-api\3.0\maven-reporting-api-3.0.jar;C:\Users\anton\.m2\repository\org\apache\maven\doxia\doxia-sink-api\1.0\doxia-sink-api-1.0.jar;C:\Users\anton\.m2\repository\org\jacoco\org.jacoco.agent\0.8.8\org.jacoco.agent-0.8.8-runtime.jar;C:\Users\anton\.m2\repository\org\jacoco\org.jacoco.core\0.8.8\org.jacoco.core-0.8.8.jar;C:\Users\anton\.m2\repository\org\ow2\asm\asm\9.2\asm-9.2.jar;C:\Users\anton\.m2\repository\org\ow2\asm\asm-commons\9.2\asm-commons-9.2.jar;C:\Users\anton\.m2\repository\org\ow2\asm\asm-analysis\9.2\asm-analysis-9.2.jar;C:\Users\anton\.m2\repository\org\ow2\asm\asm-tree\9.2\asm-tree-9.2.jar;C:\Users\anton\.m2\repository\org\jacoco\org.jacoco.report\0.8.8\org.jacoco.report-0.8.8.jar;C:\Users\anton\.m2\repository\org\apache\commons\commons-email\1.6.0\commons-email-1.6.0.jar;C:\Users\anton\.m2\repository\com\sun\mail\jakarta.mail\1.6.7\jakarta.mail-1.6.7.jar;C:\Users\anton\.m2\repository\com\sun\activation\jakarta.activation\1.2.1\jakarta.activation-1.2.1.jar;C:\Users\anton\.m2\repository\jakarta\mail\jakarta.mail-api\2.1.3\jakarta.mail-api-2.1.3.jar;C:\Users\anton\.m2\repository\jakarta\activation\jakarta.activation-api\2.1.3\jakarta.activation-api-2.1.3.jar;C:\Users\anton\.m2\repository\org\eclipse\angus\jakarta.mail\2.0.3\jakarta.mail-2.0.3.jar;C:\Users\anton\.m2\repository\org\eclipse\angus\angus-activation\2.0.2\angus-activation-2.0.2.jar;C:\Users\anton\.m2\repository\org\mockito\mockito-core\4.9.0\mockito-core-4.9.0.jar;C:\Users\anton\.m2\repository\net\bytebuddy\byte-buddy\1.12.16\byte-buddy-1.12.16.jar;C:\Users\anton\.m2\repository\net\bytebuddy\byte-buddy-agent\1.12.16\byte-buddy-agent-1.12.16.jar;C:\Users\anton\.m2\repository\org\objenesis\objenesis\3.3\objenesis-3.3.jar;C:\Users\anton\.m2\repository\junit\junit\4.13.2\junit-4.13.2.jar;C:\Users\anton\.m2\repository\org\hamcrest\hamcrest-core\1.3\hamcrest-core-1.3.jar
Launcher Type: SUN_STANDARD

[Global flags]
     intx CICompilerCount                          = 12                                        {product} {ergonomic}
     uint ConcGCThreads                            = 3                                         {product} {ergonomic}
     bool FlightRecorder                           = true                                      {product} {management}
     uint G1ConcRefinementThreads                  = 13                                        {product} {ergonomic}
   size_t G1HeapRegionSize                         = 2097152                                   {product} {ergonomic}
   size_t InitialHeapSize                          = 264241152                                 {product} {ergonomic}
   size_t MarkStackSize                            = 4194304                                   {product} {ergonomic}
   size_t MarkStackSizeMax                         = 536870912                                 {product} {ergonomic}
   size_t MaxHeapSize                              = 4206886912                                {product} {ergonomic}
   size_t MaxNewSize                               = 2522873856                                {product} {ergonomic}
   size_t MinHeapDeltaBytes                        = 2097152                                   {product} {ergonomic}
   size_t MinHeapSize                              = 8388608                                   {product} {ergonomic}
    uintx NonNMethodCodeHeapSize                   = 7602176                                {pd product} {ergonomic}
    uintx NonProfiledCodeHeapSize                  = 122093568                              {pd product} {ergonomic}
    uintx ProfiledCodeHeapSize                     = 121962496                              {pd product} {ergonomic}
    uintx ReservedCodeCacheSize                    = 251658240                              {pd product} {ergonomic}
     bool SegmentedCodeCache                       = true                                      {product} {ergonomic}
   size_t SoftMaxHeapSize                          = 4206886912                             {manageable} {ergonomic}
     bool UseCompressedOops                        = true                           {product lp64_product} {ergonomic}
     bool UseG1GC                                  = true                                      {product} {ergonomic}
     bool UseLargePagesIndividualAllocation        = false                                  {pd product} {ergonomic}

Logging:
Log output configuration:
 #0: stdout all=warning uptime,level,tags foldmultilines=false
 #1: stderr all=off uptime,level,tags foldmultilines=false

Release file:
<release file has not been read>
Environment Variables:
JAVA_HOME=C:\Program Files\Java\jdk-21.0.2
PATH=C:\Windows\system32;C:\Windows;C:\Windows\System32\Wbem;C:\Windows\System32\WindowsPowerShell\v1.0\;C:\Windows\System32\OpenSSH\;C:\Program Files\Git\cmd;C:\Program Files\Java\jdk-21.0.2\bin;C:\Program Files\MySQL\MySQL Shell 8.0\bin\;C:\Users\anton\AppData\Local\Programs\Python\Python314\Scripts\;C:\Users\anton\AppData\Local\Programs\Python\Python314\;C:\Users\anton\AppData\Local\Microsoft\WindowsApps;C:\Users\anton\AppData\Local\Programs\PyCharm 2025.2.4\bin;C:\Program Files\JetBrains\IntelliJ IDEA 2024.2.6\bin;C:\Users\anton\AppData\Local\PowerToys\DSCModules\
USERNAME=anton
OS=Windows_NT
PROCESSOR_IDENTIFIER=Intel64 Family 6 Model 186 Stepping 2, GenuineIntel
TMP=C:\Users\anton\AppData\Local\Temp
TEMP=C:\Users\anton\AppData\Local\Temp




Compilation memory statistics disabled.

Periodic native trim disabled

---------------  S Y S T E M  ---------------

OS:
 Windows 11 , 64 bit Build 26100 (10.0.26100.7623)
OS uptime: 0 days 0:29 hours
Hyper-V role detected

CPU: total 16 (initial active 16) (8 cores per cpu, 2 threads per core) family 6 model 186 stepping 2 microcode 0x4121, cx8, cmov, fxsr, ht, mmx, 3dnowpref, sse, sse2, sse3, ssse3, sse4.1, sse4.2, popcnt, lzcnt, tsc, tscinvbit, avx, avx2, aes, erms, clmul, bmi1, bmi2, adx, sha, fma, vzeroupper, clflush, clflushopt, clwb, hv, serialize, rdtscp, rdpid, fsrm, gfni, f16c, cet_ibt, cet_ss
Processor Information for the first 16 processors :
  Max Mhz: 2500, Current Mhz: 2500, Mhz Limit: 2500

Memory: 4k page, system-wide physical 16044M (5313M free)
TotalPageFile size 17708M (AvailPageFile size 4303M)
current process WorkingSet (physical memory assigned to process): 117M, peak: 117M
current process commit charge ("private bytes"): 419M, peak: 419M

vm_info: Java HotSpot(TM) 64-Bit Server VM (25+37-LTS-3491) for windows-amd64 JRE (25+37-LTS-3491), built on 2025-08-14T21:13:00Z with unknown MS VC++:1943

END.
